2017-10-09 08:12:21,594 [Worker-4] INFO  o.e.m.c.i.e.AbstractTransferListenerAdapter - Downloading http://repo.maven.apache.org/maven2/org/springframework/boot/spring-boot-starter-parent/1.5.7.RELEASE/spring-boot-starter-parent-1.5.7.RELEASE.pom
2017-10-09 08:12:21,784 [Worker-4] INFO  o.e.m.c.i.e.AbstractTransferListenerAdapter - Downloaded http://repo.maven.apache.org/maven2/org/springframework/boot/spring-boot-starter-parent/1.5.7.RELEASE/spring-boot-starter-parent-1.5.7.RELEASE.pom
2017-10-09 08:12:21,862 [Worker-4] INFO  o.e.m.c.i.e.AbstractTransferListenerAdapter - Downloading http://repo.maven.apache.org/maven2/org/springframework/boot/spring-boot-dependencies/1.5.7.RELEASE/spring-boot-dependencies-1.5.7.RELEASE.pom
2017-10-09 08:12:21,962 [Worker-4] INFO  o.e.m.c.i.e.AbstractTransferListenerAdapter - Downloaded http://repo.maven.apache.org/maven2/org/springframework/boot/spring-boot-dependencies/1.5.7.RELEASE/spring-boot-dependencies-1.5.7.RELEASE.pom
2017-10-09 08:12:22,046 [Worker-4] INFO  o.e.m.c.i.e.AbstractTransferListenerAdapter - Downloading http://repo.maven.apache.org/maven2/com/fasterxml/jackson/jackson-bom/2.8.10/jackson-bom-2.8.10.pom
2017-10-09 08:12:22,195 [Worker-4] INFO  o.e.m.c.i.e.AbstractTransferListenerAdapter - Downloaded http://repo.maven.apache.org/maven2/com/fasterxml/jackson/jackson-bom/2.8.10/jackson-bom-2.8.10.pom
2017-10-09 08:12:22,325 [Worker-4] INFO  o.e.m.c.i.e.AbstractTransferListenerAdapter - Downloading http://repo.maven.apache.org/maven2/org/springframework/spring-framework-bom/4.3.11.RELEASE/spring-framework-bom-4.3.11.RELEASE.pom
2017-10-09 08:12:22,390 [Worker-4] INFO  o.e.m.c.i.e.AbstractTransferListenerAdapter - Downloaded http://repo.maven.apache.org/maven2/org/springframework/spring-framework-bom/4.3.11.RELEASE/spring-framework-bom-4.3.11.RELEASE.pom
2017-10-09 08:12:22,421 [Worker-4] INFO  o.e.m.c.i.e.AbstractTransferListenerAdapter - Downloading http://repo.maven.apache.org/maven2/org/springframework/data/spring-data-releasetrain/Ingalls-SR7/spring-data-releasetrain-Ingalls-SR7.pom
2017-10-09 08:12:22,584 [Worker-4] INFO  o.e.m.c.i.e.AbstractTransferListenerAdapter - Downloaded http://repo.maven.apache.org/maven2/org/springframework/data/spring-data-releasetrain/Ingalls-SR7/spring-data-releasetrain-Ingalls-SR7.pom
2017-10-09 08:12:22,627 [Worker-4] INFO  o.e.m.c.i.e.AbstractTransferListenerAdapter - Downloading http://repo.maven.apache.org/maven2/org/springframework/data/build/spring-data-build/1.9.7.RELEASE/spring-data-build-1.9.7.RELEASE.pom
2017-10-09 08:12:22,779 [Worker-4] INFO  o.e.m.c.i.e.AbstractTransferListenerAdapter - Downloaded http://repo.maven.apache.org/maven2/org/springframework/data/build/spring-data-build/1.9.7.RELEASE/spring-data-build-1.9.7.RELEASE.pom
2017-10-09 08:12:22,816 [Worker-4] INFO  o.e.m.c.i.e.AbstractTransferListenerAdapter - Downloading http://repo.maven.apache.org/maven2/org/springframework/integration/spring-integration-bom/4.3.12.RELEASE/spring-integration-bom-4.3.12.RELEASE.pom
2017-10-09 08:12:23,080 [Worker-4] INFO  o.e.m.c.i.e.AbstractTransferListenerAdapter - Downloaded http://repo.maven.apache.org/maven2/org/springframework/integration/spring-integration-bom/4.3.12.RELEASE/spring-integration-bom-4.3.12.RELEASE.pom
2017-10-09 08:12:23,339 [Worker-4] INFO  o.e.m.c.i.e.AbstractTransferListenerAdapter - Downloading http://repo.maven.apache.org/maven2/org/springframework/boot/spring-boot-maven-plugin/1.5.7.RELEASE/spring-boot-maven-plugin-1.5.7.RELEASE.pom
2017-10-09 08:12:23,519 [Worker-4] INFO  o.e.m.c.i.e.AbstractTransferListenerAdapter - Downloaded http://repo.maven.apache.org/maven2/org/springframework/boot/spring-boot-maven-plugin/1.5.7.RELEASE/spring-boot-maven-plugin-1.5.7.RELEASE.pom
2017-10-09 08:12:23,556 [Worker-4] INFO  o.e.m.c.i.e.AbstractTransferListenerAdapter - Downloading http://repo.maven.apache.org/maven2/org/springframework/boot/spring-boot-tools/1.5.7.RELEASE/spring-boot-tools-1.5.7.RELEASE.pom
2017-10-09 08:12:23,717 [Worker-4] INFO  o.e.m.c.i.e.AbstractTransferListenerAdapter - Downloaded http://repo.maven.apache.org/maven2/org/springframework/boot/spring-boot-tools/1.5.7.RELEASE/spring-boot-tools-1.5.7.RELEASE.pom
2017-10-09 08:12:23,754 [Worker-4] INFO  o.e.m.c.i.e.AbstractTransferListenerAdapter - Downloading http://repo.maven.apache.org/maven2/org/springframework/boot/spring-boot-parent/1.5.7.RELEASE/spring-boot-parent-1.5.7.RELEASE.pom
2017-10-09 08:12:23,920 [Worker-4] INFO  o.e.m.c.i.e.AbstractTransferListenerAdapter - Downloaded http://repo.maven.apache.org/maven2/org/springframework/boot/spring-boot-parent/1.5.7.RELEASE/spring-boot-parent-1.5.7.RELEASE.pom
2017-10-09 08:12:24,033 [Worker-4] INFO  o.e.m.c.i.e.AbstractTransferListenerAdapter - Downloading http://repo.maven.apache.org/maven2/org/springframework/boot/spring-boot-maven-plugin/1.5.7.RELEASE/spring-boot-maven-plugin-1.5.7.RELEASE.jar
2017-10-09 08:12:24,210 [Worker-4] INFO  o.e.m.c.i.e.AbstractTransferListenerAdapter - Downloaded http://repo.maven.apache.org/maven2/org/springframework/boot/spring-boot-maven-plugin/1.5.7.RELEASE/spring-boot-maven-plugin-1.5.7.RELEASE.jar
2017-10-09 08:12:28,770 [Worker-4] INFO  o.e.m.c.i.l.LifecycleMappingFactory - Using org.eclipse.m2e.jdt.JarLifecycleMapping lifecycle mapping for MavenProject: com.example:Bookstore:0.0.1-SNAPSHOT @ C:\Users\Marko\Desktop\Koulujutut\BookStore-master\pom.xml.
2017-10-09 08:12:28,794 [Worker-4] INFO  o.e.m.c.i.e.AbstractTransferListenerAdapter - Downloading http://repo.maven.apache.org/maven2/org/springframework/boot/spring-boot-starter-web/1.5.7.RELEASE/spring-boot-starter-web-1.5.7.RELEASE.pom
2017-10-09 08:12:28,841 [Worker-4] INFO  o.e.m.c.i.e.AbstractTransferListenerAdapter - Downloaded http://repo.maven.apache.org/maven2/org/springframework/boot/spring-boot-starter-web/1.5.7.RELEASE/spring-boot-starter-web-1.5.7.RELEASE.pom
2017-10-09 08:12:28,889 [Worker-4] INFO  o.e.m.c.i.e.AbstractTransferListenerAdapter - Downloading http://repo.maven.apache.org/maven2/org/springframework/boot/spring-boot-starters/1.5.7.RELEASE/spring-boot-starters-1.5.7.RELEASE.pom
2017-10-09 08:12:29,043 [Worker-4] INFO  o.e.m.c.i.e.AbstractTransferListenerAdapter - Downloaded http://repo.maven.apache.org/maven2/org/springframework/boot/spring-boot-starters/1.5.7.RELEASE/spring-boot-starters-1.5.7.RELEASE.pom
2017-10-09 08:12:29,103 [Worker-4] INFO  o.e.m.c.i.e.AbstractTransferListenerAdapter - Downloading http://repo.maven.apache.org/maven2/org/springframework/boot/spring-boot-starter/1.5.7.RELEASE/spring-boot-starter-1.5.7.RELEASE.pom
2017-10-09 08:12:29,258 [Worker-4] INFO  o.e.m.c.i.e.AbstractTransferListenerAdapter - Downloaded http://repo.maven.apache.org/maven2/org/springframework/boot/spring-boot-starter/1.5.7.RELEASE/spring-boot-starter-1.5.7.RELEASE.pom
2017-10-09 08:12:29,306 [Worker-4] INFO  o.e.m.c.i.e.AbstractTransferListenerAdapter - Downloading http://repo.maven.apache.org/maven2/org/springframework/boot/spring-boot/1.5.7.RELEASE/spring-boot-1.5.7.RELEASE.pom
2017-10-09 08:12:29,373 [Worker-4] INFO  o.e.m.c.i.e.AbstractTransferListenerAdapter - Downloaded http://repo.maven.apache.org/maven2/org/springframework/boot/spring-boot/1.5.7.RELEASE/spring-boot-1.5.7.RELEASE.pom
2017-10-09 08:12:29,409 [Worker-4] INFO  o.e.m.c.i.e.AbstractTransferListenerAdapter - Downloading http://repo.maven.apache.org/maven2/org/springframework/spring-core/4.3.11.RELEASE/spring-core-4.3.11.RELEASE.pom
2017-10-09 08:12:29,456 [Worker-4] INFO  o.e.m.c.i.e.AbstractTransferListenerAdapter - Downloaded http://repo.maven.apache.org/maven2/org/springframework/spring-core/4.3.11.RELEASE/spring-core-4.3.11.RELEASE.pom
2017-10-09 08:12:29,485 [Worker-4] INFO  o.e.m.c.i.e.AbstractTransferListenerAdapter - Downloading http://repo.maven.apache.org/maven2/org/springframework/spring-context/4.3.11.RELEASE/spring-context-4.3.11.RELEASE.pom
2017-10-09 08:12:29,636 [Worker-4] INFO  o.e.m.c.i.e.AbstractTransferListenerAdapter - Downloaded http://repo.maven.apache.org/maven2/org/springframework/spring-context/4.3.11.RELEASE/spring-context-4.3.11.RELEASE.pom
2017-10-09 08:12:29,680 [Worker-4] INFO  o.e.m.c.i.e.AbstractTransferListenerAdapter - Downloading http://repo.maven.apache.org/maven2/org/springframework/spring-aop/4.3.11.RELEASE/spring-aop-4.3.11.RELEASE.pom
2017-10-09 08:12:29,729 [Worker-4] INFO  o.e.m.c.i.e.AbstractTransferListenerAdapter - Downloaded http://repo.maven.apache.org/maven2/org/springframework/spring-aop/4.3.11.RELEASE/spring-aop-4.3.11.RELEASE.pom
2017-10-09 08:12:29,757 [Worker-4] INFO  o.e.m.c.i.e.AbstractTransferListenerAdapter - Downloading http://repo.maven.apache.org/maven2/org/springframework/spring-beans/4.3.11.RELEASE/spring-beans-4.3.11.RELEASE.pom
2017-10-09 08:12:29,801 [Worker-4] INFO  o.e.m.c.i.e.AbstractTransferListenerAdapter - Downloaded http://repo.maven.apache.org/maven2/org/springframework/spring-beans/4.3.11.RELEASE/spring-beans-4.3.11.RELEASE.pom
2017-10-09 08:12:29,831 [Worker-4] INFO  o.e.m.c.i.e.AbstractTransferListenerAdapter - Downloading http://repo.maven.apache.org/maven2/org/springframework/spring-expression/4.3.11.RELEASE/spring-expression-4.3.11.RELEASE.pom
2017-10-09 08:12:29,982 [Worker-4] INFO  o.e.m.c.i.e.AbstractTransferListenerAdapter - Downloaded http://repo.maven.apache.org/maven2/org/springframework/spring-expression/4.3.11.RELEASE/spring-expression-4.3.11.RELEASE.pom
2017-10-09 08:12:30,021 [Worker-4] INFO  o.e.m.c.i.e.AbstractTransferListenerAdapter - Downloading http://repo.maven.apache.org/maven2/org/springframework/boot/spring-boot-autoconfigure/1.5.7.RELEASE/spring-boot-autoconfigure-1.5.7.RELEASE.pom
2017-10-09 08:12:30,172 [Worker-4] INFO  o.e.m.c.i.e.AbstractTransferListenerAdapter - Downloaded http://repo.maven.apache.org/maven2/org/springframework/boot/spring-boot-autoconfigure/1.5.7.RELEASE/spring-boot-autoconfigure-1.5.7.RELEASE.pom
2017-10-09 08:12:30,220 [Worker-4] INFO  o.e.m.c.i.e.AbstractTransferListenerAdapter - Downloading http://repo.maven.apache.org/maven2/org/springframework/boot/spring-boot-starter-logging/1.5.7.RELEASE/spring-boot-starter-logging-1.5.7.RELEASE.pom
2017-10-09 08:12:30,266 [Worker-4] INFO  o.e.m.c.i.e.AbstractTransferListenerAdapter - Downloaded http://repo.maven.apache.org/maven2/org/springframework/boot/spring-boot-starter-logging/1.5.7.RELEASE/spring-boot-starter-logging-1.5.7.RELEASE.pom
2017-10-09 08:12:30,575 [Worker-4] INFO  o.e.m.c.i.e.AbstractTransferListenerAdapter - Downloading http://repo.maven.apache.org/maven2/org/springframework/boot/spring-boot-starter-tomcat/1.5.7.RELEASE/spring-boot-starter-tomcat-1.5.7.RELEASE.pom
2017-10-09 08:12:30,633 [Worker-4] INFO  o.e.m.c.i.e.AbstractTransferListenerAdapter - Downloaded http://repo.maven.apache.org/maven2/org/springframework/boot/spring-boot-starter-tomcat/1.5.7.RELEASE/spring-boot-starter-tomcat-1.5.7.RELEASE.pom
2017-10-09 08:12:30,704 [Worker-4] INFO  o.e.m.c.i.e.AbstractTransferListenerAdapter - Downloading http://repo.maven.apache.org/maven2/org/apache/tomcat/embed/tomcat-embed-core/8.5.20/tomcat-embed-core-8.5.20.pom
2017-10-09 08:12:30,753 [Worker-4] INFO  o.e.m.c.i.e.AbstractTransferListenerAdapter - Downloaded http://repo.maven.apache.org/maven2/org/apache/tomcat/embed/tomcat-embed-core/8.5.20/tomcat-embed-core-8.5.20.pom
2017-10-09 08:12:30,785 [Worker-4] INFO  o.e.m.c.i.e.AbstractTransferListenerAdapter - Downloading http://repo.maven.apache.org/maven2/org/apache/tomcat/embed/tomcat-embed-el/8.5.20/tomcat-embed-el-8.5.20.pom
2017-10-09 08:12:30,828 [Worker-4] INFO  o.e.m.c.i.e.AbstractTransferListenerAdapter - Downloaded http://repo.maven.apache.org/maven2/org/apache/tomcat/embed/tomcat-embed-el/8.5.20/tomcat-embed-el-8.5.20.pom
2017-10-09 08:12:30,858 [Worker-4] INFO  o.e.m.c.i.e.AbstractTransferListenerAdapter - Downloading http://repo.maven.apache.org/maven2/org/apache/tomcat/embed/tomcat-embed-websocket/8.5.20/tomcat-embed-websocket-8.5.20.pom
2017-10-09 08:12:30,912 [Worker-4] INFO  o.e.m.c.i.e.AbstractTransferListenerAdapter - Downloaded http://repo.maven.apache.org/maven2/org/apache/tomcat/embed/tomcat-embed-websocket/8.5.20/tomcat-embed-websocket-8.5.20.pom
2017-10-09 08:12:31,135 [Worker-4] INFO  o.e.m.c.i.e.AbstractTransferListenerAdapter - Downloading http://repo.maven.apache.org/maven2/com/fasterxml/classmate/1.3.4/classmate-1.3.4.pom
2017-10-09 08:12:31,198 [Worker-4] INFO  o.e.m.c.i.e.AbstractTransferListenerAdapter - Downloaded http://repo.maven.apache.org/maven2/com/fasterxml/classmate/1.3.4/classmate-1.3.4.pom
2017-10-09 08:12:31,264 [Worker-4] INFO  o.e.m.c.i.e.AbstractTransferListenerAdapter - Downloading http://repo.maven.apache.org/maven2/com/fasterxml/jackson/core/jackson-databind/2.8.10/jackson-databind-2.8.10.pom
2017-10-09 08:12:31,313 [Worker-4] INFO  o.e.m.c.i.e.AbstractTransferListenerAdapter - Downloaded http://repo.maven.apache.org/maven2/com/fasterxml/jackson/core/jackson-databind/2.8.10/jackson-databind-2.8.10.pom
2017-10-09 08:12:31,357 [Worker-4] INFO  o.e.m.c.i.e.AbstractTransferListenerAdapter - Downloading http://repo.maven.apache.org/maven2/com/fasterxml/jackson/core/jackson-core/2.8.10/jackson-core-2.8.10.pom
2017-10-09 08:12:31,402 [Worker-4] INFO  o.e.m.c.i.e.AbstractTransferListenerAdapter - Downloaded http://repo.maven.apache.org/maven2/com/fasterxml/jackson/core/jackson-core/2.8.10/jackson-core-2.8.10.pom
2017-10-09 08:12:31,432 [Worker-4] INFO  o.e.m.c.i.e.AbstractTransferListenerAdapter - Downloading http://repo.maven.apache.org/maven2/org/springframework/spring-web/4.3.11.RELEASE/spring-web-4.3.11.RELEASE.pom
2017-10-09 08:12:31,479 [Worker-4] INFO  o.e.m.c.i.e.AbstractTransferListenerAdapter - Downloaded http://repo.maven.apache.org/maven2/org/springframework/spring-web/4.3.11.RELEASE/spring-web-4.3.11.RELEASE.pom
2017-10-09 08:12:31,510 [Worker-4] INFO  o.e.m.c.i.e.AbstractTransferListenerAdapter - Downloading http://repo.maven.apache.org/maven2/org/springframework/spring-webmvc/4.3.11.RELEASE/spring-webmvc-4.3.11.RELEASE.pom
2017-10-09 08:12:31,554 [Worker-4] INFO  o.e.m.c.i.e.AbstractTransferListenerAdapter - Downloaded http://repo.maven.apache.org/maven2/org/springframework/spring-webmvc/4.3.11.RELEASE/spring-webmvc-4.3.11.RELEASE.pom
2017-10-09 08:12:31,583 [Worker-4] INFO  o.e.m.c.i.e.AbstractTransferListenerAdapter - Downloading http://repo.maven.apache.org/maven2/org/springframework/boot/spring-boot-devtools/1.5.7.RELEASE/spring-boot-devtools-1.5.7.RELEASE.pom
2017-10-09 08:12:31,735 [Worker-4] INFO  o.e.m.c.i.e.AbstractTransferListenerAdapter - Downloaded http://repo.maven.apache.org/maven2/org/springframework/boot/spring-boot-devtools/1.5.7.RELEASE/spring-boot-devtools-1.5.7.RELEASE.pom
2017-10-09 08:12:31,770 [Worker-4] INFO  o.e.m.c.i.e.AbstractTransferListenerAdapter - Downloading http://repo.maven.apache.org/maven2/org/springframework/boot/spring-boot-starter-test/1.5.7.RELEASE/spring-boot-starter-test-1.5.7.RELEASE.pom
2017-10-09 08:12:31,822 [Worker-4] INFO  o.e.m.c.i.e.AbstractTransferListenerAdapter - Downloaded http://repo.maven.apache.org/maven2/org/springframework/boot/spring-boot-starter-test/1.5.7.RELEASE/spring-boot-starter-test-1.5.7.RELEASE.pom
2017-10-09 08:12:31,861 [Worker-4] INFO  o.e.m.c.i.e.AbstractTransferListenerAdapter - Downloading http://repo.maven.apache.org/maven2/org/springframework/boot/spring-boot-test/1.5.7.RELEASE/spring-boot-test-1.5.7.RELEASE.pom
2017-10-09 08:12:32,009 [Worker-4] INFO  o.e.m.c.i.e.AbstractTransferListenerAdapter - Downloaded http://repo.maven.apache.org/maven2/org/springframework/boot/spring-boot-test/1.5.7.RELEASE/spring-boot-test-1.5.7.RELEASE.pom
2017-10-09 08:12:32,047 [Worker-4] INFO  o.e.m.c.i.e.AbstractTransferListenerAdapter - Downloading http://repo.maven.apache.org/maven2/org/springframework/boot/spring-boot-test-autoconfigure/1.5.7.RELEASE/spring-boot-test-autoconfigure-1.5.7.RELEASE.pom
2017-10-09 08:12:32,093 [Worker-4] INFO  o.e.m.c.i.e.AbstractTransferListenerAdapter - Downloaded http://repo.maven.apache.org/maven2/org/springframework/boot/spring-boot-test-autoconfigure/1.5.7.RELEASE/spring-boot-test-autoconfigure-1.5.7.RELEASE.pom
2017-10-09 08:12:32,589 [Worker-4] INFO  o.e.m.c.i.e.AbstractTransferListenerAdapter - Downloading http://repo.maven.apache.org/maven2/org/springframework/spring-test/4.3.11.RELEASE/spring-test-4.3.11.RELEASE.pom
2017-10-09 08:12:32,659 [Worker-4] INFO  o.e.m.c.i.e.AbstractTransferListenerAdapter - Downloaded http://repo.maven.apache.org/maven2/org/springframework/spring-test/4.3.11.RELEASE/spring-test-4.3.11.RELEASE.pom
2017-10-09 08:12:32,689 [Worker-4] INFO  o.e.m.c.i.e.AbstractTransferListenerAdapter - Downloading http://repo.maven.apache.org/maven2/org/springframework/boot/spring-boot-starter-thymeleaf/1.5.7.RELEASE/spring-boot-starter-thymeleaf-1.5.7.RELEASE.pom
2017-10-09 08:12:32,832 [Worker-4] INFO  o.e.m.c.i.e.AbstractTransferListenerAdapter - Downloaded http://repo.maven.apache.org/maven2/org/springframework/boot/spring-boot-starter-thymeleaf/1.5.7.RELEASE/spring-boot-starter-thymeleaf-1.5.7.RELEASE.pom
2017-10-09 08:12:33,064 [Worker-4] INFO  o.e.m.c.i.e.AbstractTransferListenerAdapter - Downloading http://repo.maven.apache.org/maven2/org/springframework/boot/spring-boot-starter-data-jpa/1.5.7.RELEASE/spring-boot-starter-data-jpa-1.5.7.RELEASE.pom
2017-10-09 08:12:33,242 [Worker-4] INFO  o.e.m.c.i.e.AbstractTransferListenerAdapter - Downloaded http://repo.maven.apache.org/maven2/org/springframework/boot/spring-boot-starter-data-jpa/1.5.7.RELEASE/spring-boot-starter-data-jpa-1.5.7.RELEASE.pom
2017-10-09 08:12:33,287 [Worker-4] INFO  o.e.m.c.i.e.AbstractTransferListenerAdapter - Downloading http://repo.maven.apache.org/maven2/org/springframework/boot/spring-boot-starter-aop/1.5.7.RELEASE/spring-boot-starter-aop-1.5.7.RELEASE.pom
2017-10-09 08:12:33,434 [Worker-4] INFO  o.e.m.c.i.e.AbstractTransferListenerAdapter - Downloaded http://repo.maven.apache.org/maven2/org/springframework/boot/spring-boot-starter-aop/1.5.7.RELEASE/spring-boot-starter-aop-1.5.7.RELEASE.pom
2017-10-09 08:12:33,468 [Worker-4] INFO  o.e.m.c.i.e.AbstractTransferListenerAdapter - Downloading http://repo.maven.apache.org/maven2/org/aspectj/aspectjweaver/1.8.10/aspectjweaver-1.8.10.pom
2017-10-09 08:12:33,516 [Worker-4] INFO  o.e.m.c.i.e.AbstractTransferListenerAdapter - Downloaded http://repo.maven.apache.org/maven2/org/aspectj/aspectjweaver/1.8.10/aspectjweaver-1.8.10.pom
2017-10-09 08:12:33,545 [Worker-4] INFO  o.e.m.c.i.e.AbstractTransferListenerAdapter - Downloading http://repo.maven.apache.org/maven2/org/springframework/boot/spring-boot-starter-jdbc/1.5.7.RELEASE/spring-boot-starter-jdbc-1.5.7.RELEASE.pom
2017-10-09 08:12:33,693 [Worker-4] INFO  o.e.m.c.i.e.AbstractTransferListenerAdapter - Downloaded http://repo.maven.apache.org/maven2/org/springframework/boot/spring-boot-starter-jdbc/1.5.7.RELEASE/spring-boot-starter-jdbc-1.5.7.RELEASE.pom
2017-10-09 08:12:33,728 [Worker-4] INFO  o.e.m.c.i.e.AbstractTransferListenerAdapter - Downloading http://repo.maven.apache.org/maven2/org/apache/tomcat/tomcat-jdbc/8.5.20/tomcat-jdbc-8.5.20.pom
2017-10-09 08:12:33,881 [Worker-4] INFO  o.e.m.c.i.e.AbstractTransferListenerAdapter - Downloaded http://repo.maven.apache.org/maven2/org/apache/tomcat/tomcat-jdbc/8.5.20/tomcat-jdbc-8.5.20.pom
2017-10-09 08:12:33,909 [Worker-4] INFO  o.e.m.c.i.e.AbstractTransferListenerAdapter - Downloading http://repo.maven.apache.org/maven2/org/apache/tomcat/tomcat-juli/8.5.20/tomcat-juli-8.5.20.pom
2017-10-09 08:12:34,050 [Worker-4] INFO  o.e.m.c.i.e.AbstractTransferListenerAdapter - Downloaded http://repo.maven.apache.org/maven2/org/apache/tomcat/tomcat-juli/8.5.20/tomcat-juli-8.5.20.pom
2017-10-09 08:12:34,082 [Worker-4] INFO  o.e.m.c.i.e.AbstractTransferListenerAdapter - Downloading http://repo.maven.apache.org/maven2/org/springframework/spring-jdbc/4.3.11.RELEASE/spring-jdbc-4.3.11.RELEASE.pom
2017-10-09 08:12:34,131 [Worker-4] INFO  o.e.m.c.i.e.AbstractTransferListenerAdapter - Downloaded http://repo.maven.apache.org/maven2/org/springframework/spring-jdbc/4.3.11.RELEASE/spring-jdbc-4.3.11.RELEASE.pom
2017-10-09 08:12:34,160 [Worker-4] INFO  o.e.m.c.i.e.AbstractTransferListenerAdapter - Downloading http://repo.maven.apache.org/maven2/org/springframework/spring-tx/4.3.11.RELEASE/spring-tx-4.3.11.RELEASE.pom
2017-10-09 08:12:34,310 [Worker-4] INFO  o.e.m.c.i.e.AbstractTransferListenerAdapter - Downloaded http://repo.maven.apache.org/maven2/org/springframework/spring-tx/4.3.11.RELEASE/spring-tx-4.3.11.RELEASE.pom
2017-10-09 08:12:34,342 [Worker-4] INFO  o.e.m.c.i.e.AbstractTransferListenerAdapter - Downloading http://repo.maven.apache.org/maven2/org/hibernate/hibernate-core/5.0.12.Final/hibernate-core-5.0.12.Final.pom
2017-10-09 08:12:34,502 [Worker-4] INFO  o.e.m.c.i.e.AbstractTransferListenerAdapter - Downloaded http://repo.maven.apache.org/maven2/org/hibernate/hibernate-core/5.0.12.Final/hibernate-core-5.0.12.Final.pom
2017-10-09 08:12:34,546 [Worker-4] INFO  o.e.m.c.i.e.AbstractTransferListenerAdapter - Downloading http://repo.maven.apache.org/maven2/org/hibernate/javax/persistence/hibernate-jpa-2.1-api/1.0.0.Final/hibernate-jpa-2.1-api-1.0.0.Final.pom
2017-10-09 08:12:34,708 [Worker-4] INFO  o.e.m.c.i.e.AbstractTransferListenerAdapter - Downloaded http://repo.maven.apache.org/maven2/org/hibernate/javax/persistence/hibernate-jpa-2.1-api/1.0.0.Final/hibernate-jpa-2.1-api-1.0.0.Final.pom
2017-10-09 08:12:34,850 [Worker-4] INFO  o.e.m.c.i.e.AbstractTransferListenerAdapter - Downloading http://repo.maven.apache.org/maven2/antlr/antlr/2.7.7/antlr-2.7.7.pom
2017-10-09 08:12:34,906 [Worker-4] INFO  o.e.m.c.i.e.AbstractTransferListenerAdapter - Downloaded http://repo.maven.apache.org/maven2/antlr/antlr/2.7.7/antlr-2.7.7.pom
2017-10-09 08:12:34,937 [Worker-4] INFO  o.e.m.c.i.e.AbstractTransferListenerAdapter - Downloading http://repo.maven.apache.org/maven2/org/jboss/jandex/2.0.0.Final/jandex-2.0.0.Final.pom
2017-10-09 08:12:35,086 [Worker-4] INFO  o.e.m.c.i.e.AbstractTransferListenerAdapter - Downloaded http://repo.maven.apache.org/maven2/org/jboss/jandex/2.0.0.Final/jandex-2.0.0.Final.pom
2017-10-09 08:12:35,115 [Worker-4] INFO  o.e.m.c.i.e.AbstractTransferListenerAdapter - Downloading http://repo.maven.apache.org/maven2/org/jboss/jboss-parent/12/jboss-parent-12.pom
2017-10-09 08:12:35,355 [Worker-4] INFO  o.e.m.c.i.e.AbstractTransferListenerAdapter - Downloaded http://repo.maven.apache.org/maven2/org/jboss/jboss-parent/12/jboss-parent-12.pom
2017-10-09 08:12:35,388 [Worker-4] INFO  o.e.m.c.i.e.AbstractTransferListenerAdapter - Downloading http://repo.maven.apache.org/maven2/dom4j/dom4j/1.6.1/dom4j-1.6.1.pom
2017-10-09 08:12:35,530 [Worker-4] INFO  o.e.m.c.i.e.AbstractTransferListenerAdapter - Downloaded http://repo.maven.apache.org/maven2/dom4j/dom4j/1.6.1/dom4j-1.6.1.pom
2017-10-09 08:12:35,570 [Worker-4] INFO  o.e.m.c.i.e.AbstractTransferListenerAdapter - Downloading http://repo.maven.apache.org/maven2/org/hibernate/common/hibernate-commons-annotations/5.0.1.Final/hibernate-commons-annotations-5.0.1.Final.pom
2017-10-09 08:12:35,721 [Worker-4] INFO  o.e.m.c.i.e.AbstractTransferListenerAdapter - Downloaded http://repo.maven.apache.org/maven2/org/hibernate/common/hibernate-commons-annotations/5.0.1.Final/hibernate-commons-annotations-5.0.1.Final.pom
2017-10-09 08:12:35,751 [Worker-4] INFO  o.e.m.c.i.e.AbstractTransferListenerAdapter - Downloading http://repo.maven.apache.org/maven2/org/hibernate/hibernate-entitymanager/5.0.12.Final/hibernate-entitymanager-5.0.12.Final.pom
2017-10-09 08:12:35,942 [Worker-4] INFO  o.e.m.c.i.e.AbstractTransferListenerAdapter - Downloaded http://repo.maven.apache.org/maven2/org/hibernate/hibernate-entitymanager/5.0.12.Final/hibernate-entitymanager-5.0.12.Final.pom
2017-10-09 08:12:35,972 [Worker-4] INFO  o.e.m.c.i.e.AbstractTransferListenerAdapter - Downloading http://repo.maven.apache.org/maven2/javax/transaction/javax.transaction-api/1.2/javax.transaction-api-1.2.pom
2017-10-09 08:12:36,022 [Worker-4] INFO  o.e.m.c.i.e.AbstractTransferListenerAdapter - Downloaded http://repo.maven.apache.org/maven2/javax/transaction/javax.transaction-api/1.2/javax.transaction-api-1.2.pom
2017-10-09 08:12:36,053 [Worker-4] INFO  o.e.m.c.i.e.AbstractTransferListenerAdapter - Downloading http://repo.maven.apache.org/maven2/org/springframework/data/spring-data-jpa/1.11.7.RELEASE/spring-data-jpa-1.11.7.RELEASE.pom
2017-10-09 08:12:36,272 [Worker-4] INFO  o.e.m.c.i.e.AbstractTransferListenerAdapter - Downloaded http://repo.maven.apache.org/maven2/org/springframework/data/spring-data-jpa/1.11.7.RELEASE/spring-data-jpa-1.11.7.RELEASE.pom
2017-10-09 08:12:36,314 [Worker-4] INFO  o.e.m.c.i.e.AbstractTransferListenerAdapter - Downloading http://repo.maven.apache.org/maven2/org/springframework/data/build/spring-data-parent/1.9.7.RELEASE/spring-data-parent-1.9.7.RELEASE.pom
2017-10-09 08:12:36,372 [Worker-4] INFO  o.e.m.c.i.e.AbstractTransferListenerAdapter - Downloaded http://repo.maven.apache.org/maven2/org/springframework/data/build/spring-data-parent/1.9.7.RELEASE/spring-data-parent-1.9.7.RELEASE.pom
2017-10-09 08:12:36,412 [Worker-4] INFO  o.e.m.c.i.e.AbstractTransferListenerAdapter - Downloading http://repo.maven.apache.org/maven2/org/springframework/data/spring-data-commons/1.13.7.RELEASE/spring-data-commons-1.13.7.RELEASE.pom
2017-10-09 08:12:36,558 [Worker-4] INFO  o.e.m.c.i.e.AbstractTransferListenerAdapter - Downloaded http://repo.maven.apache.org/maven2/org/springframework/data/spring-data-commons/1.13.7.RELEASE/spring-data-commons-1.13.7.RELEASE.pom
2017-10-09 08:12:36,589 [Worker-4] INFO  o.e.m.c.i.e.AbstractTransferListenerAdapter - Downloading http://repo.maven.apache.org/maven2/org/springframework/spring-orm/4.3.11.RELEASE/spring-orm-4.3.11.RELEASE.pom
2017-10-09 08:12:36,636 [Worker-4] INFO  o.e.m.c.i.e.AbstractTransferListenerAdapter - Downloaded http://repo.maven.apache.org/maven2/org/springframework/spring-orm/4.3.11.RELEASE/spring-orm-4.3.11.RELEASE.pom
2017-10-09 08:12:36,667 [Worker-4] INFO  o.e.m.c.i.e.AbstractTransferListenerAdapter - Downloading http://repo.maven.apache.org/maven2/org/springframework/spring-aspects/4.3.11.RELEASE/spring-aspects-4.3.11.RELEASE.pom
2017-10-09 08:12:36,819 [Worker-4] INFO  o.e.m.c.i.e.AbstractTransferListenerAdapter - Downloaded http://repo.maven.apache.org/maven2/org/springframework/spring-aspects/4.3.11.RELEASE/spring-aspects-4.3.11.RELEASE.pom
2017-10-09 08:12:36,858 [Worker-4] INFO  o.e.m.c.i.e.AbstractTransferListenerAdapter - Downloading http://repo.maven.apache.org/maven2/com/h2database/h2/1.4.196/h2-1.4.196.pom
2017-10-09 08:12:37,006 [Worker-4] INFO  o.e.m.c.i.e.AbstractTransferListenerAdapter - Downloaded http://repo.maven.apache.org/maven2/com/h2database/h2/1.4.196/h2-1.4.196.pom
2017-10-09 08:12:37,175 [Worker-4] INFO  o.e.m.c.i.e.AbstractTransferListenerAdapter - Downloading http://repo.maven.apache.org/maven2/org/springframework/boot/spring-boot-starter-web/1.5.7.RELEASE/spring-boot-starter-web-1.5.7.RELEASE.jar
2017-10-09 08:12:37,341 [Worker-4] INFO  o.e.m.c.i.e.AbstractTransferListenerAdapter - Downloaded http://repo.maven.apache.org/maven2/org/springframework/boot/spring-boot-starter-web/1.5.7.RELEASE/spring-boot-starter-web-1.5.7.RELEASE.jar
2017-10-09 08:12:37,354 [Worker-4] INFO  o.e.m.c.i.e.AbstractTransferListenerAdapter - Downloading http://repo.maven.apache.org/maven2/org/springframework/boot/spring-boot-starter/1.5.7.RELEASE/spring-boot-starter-1.5.7.RELEASE.jar
2017-10-09 08:12:37,530 [Worker-4] INFO  o.e.m.c.i.e.AbstractTransferListenerAdapter - Downloaded http://repo.maven.apache.org/maven2/org/springframework/boot/spring-boot-starter/1.5.7.RELEASE/spring-boot-starter-1.5.7.RELEASE.jar
2017-10-09 08:12:37,542 [Worker-4] INFO  o.e.m.c.i.e.AbstractTransferListenerAdapter - Downloading http://repo.maven.apache.org/maven2/org/springframework/boot/spring-boot-starter-logging/1.5.7.RELEASE/spring-boot-starter-logging-1.5.7.RELEASE.jar
2017-10-09 08:12:37,723 [Worker-4] INFO  o.e.m.c.i.e.AbstractTransferListenerAdapter - Downloaded http://repo.maven.apache.org/maven2/org/springframework/boot/spring-boot-starter-logging/1.5.7.RELEASE/spring-boot-starter-logging-1.5.7.RELEASE.jar
2017-10-09 08:12:37,737 [Worker-4] INFO  o.e.m.c.i.e.AbstractTransferListenerAdapter - Downloading http://repo.maven.apache.org/maven2/org/springframework/boot/spring-boot-starter-tomcat/1.5.7.RELEASE/spring-boot-starter-tomcat-1.5.7.RELEASE.jar
2017-10-09 08:12:37,903 [Worker-4] INFO  o.e.m.c.i.e.AbstractTransferListenerAdapter - Downloaded http://repo.maven.apache.org/maven2/org/springframework/boot/spring-boot-starter-tomcat/1.5.7.RELEASE/spring-boot-starter-tomcat-1.5.7.RELEASE.jar
2017-10-09 08:12:37,921 [Worker-4] INFO  o.e.m.c.i.e.AbstractTransferListenerAdapter - Downloading http://repo.maven.apache.org/maven2/org/apache/tomcat/embed/tomcat-embed-core/8.5.20/tomcat-embed-core-8.5.20.jar
2017-10-09 08:12:38,676 [Worker-4] INFO  o.e.m.c.i.e.AbstractTransferListenerAdapter - Downloaded http://repo.maven.apache.org/maven2/org/apache/tomcat/embed/tomcat-embed-core/8.5.20/tomcat-embed-core-8.5.20.jar
2017-10-09 08:12:38,690 [Worker-4] INFO  o.e.m.c.i.e.AbstractTransferListenerAdapter - Downloading http://repo.maven.apache.org/maven2/org/apache/tomcat/embed/tomcat-embed-el/8.5.20/tomcat-embed-el-8.5.20.jar
2017-10-09 08:12:38,878 [Worker-4] INFO  o.e.m.c.i.e.AbstractTransferListenerAdapter - Downloaded http://repo.maven.apache.org/maven2/org/apache/tomcat/embed/tomcat-embed-el/8.5.20/tomcat-embed-el-8.5.20.jar
2017-10-09 08:12:38,894 [Worker-4] INFO  o.e.m.c.i.e.AbstractTransferListenerAdapter - Downloading http://repo.maven.apache.org/maven2/org/apache/tomcat/embed/tomcat-embed-websocket/8.5.20/tomcat-embed-websocket-8.5.20.jar
2017-10-09 08:12:38,983 [Worker-4] INFO  o.e.m.c.i.e.AbstractTransferListenerAdapter - Downloaded http://repo.maven.apache.org/maven2/org/apache/tomcat/embed/tomcat-embed-websocket/8.5.20/tomcat-embed-websocket-8.5.20.jar
2017-10-09 08:12:38,995 [Worker-4] INFO  o.e.m.c.i.e.AbstractTransferListenerAdapter - Downloading http://repo.maven.apache.org/maven2/com/fasterxml/classmate/1.3.4/classmate-1.3.4.jar
2017-10-09 08:12:39,058 [Worker-4] INFO  o.e.m.c.i.e.AbstractTransferListenerAdapter - Downloaded http://repo.maven.apache.org/maven2/com/fasterxml/classmate/1.3.4/classmate-1.3.4.jar
2017-10-09 08:12:39,091 [Worker-4] INFO  o.e.m.c.i.e.AbstractTransferListenerAdapter - Downloading http://repo.maven.apache.org/maven2/com/fasterxml/jackson/core/jackson-databind/2.8.10/jackson-databind-2.8.10.jar
2017-10-09 08:12:39,477 [Worker-4] INFO  o.e.m.c.i.e.AbstractTransferListenerAdapter - Downloaded http://repo.maven.apache.org/maven2/com/fasterxml/jackson/core/jackson-databind/2.8.10/jackson-databind-2.8.10.jar
2017-10-09 08:12:39,491 [Worker-4] INFO  o.e.m.c.i.e.AbstractTransferListenerAdapter - Downloading http://repo.maven.apache.org/maven2/com/fasterxml/jackson/core/jackson-core/2.8.10/jackson-core-2.8.10.jar
2017-10-09 08:12:39,704 [Worker-4] INFO  o.e.m.c.i.e.AbstractTransferListenerAdapter - Downloaded http://repo.maven.apache.org/maven2/com/fasterxml/jackson/core/jackson-core/2.8.10/jackson-core-2.8.10.jar
2017-10-09 08:12:39,720 [Worker-4] INFO  o.e.m.c.i.e.AbstractTransferListenerAdapter - Downloading http://repo.maven.apache.org/maven2/org/springframework/spring-web/4.3.11.RELEASE/spring-web-4.3.11.RELEASE.jar
2017-10-09 08:12:39,890 [Worker-4] INFO  o.e.m.c.i.e.AbstractTransferListenerAdapter - Downloaded http://repo.maven.apache.org/maven2/org/springframework/spring-web/4.3.11.RELEASE/spring-web-4.3.11.RELEASE.jar
2017-10-09 08:12:39,903 [Worker-4] INFO  o.e.m.c.i.e.AbstractTransferListenerAdapter - Downloading http://repo.maven.apache.org/maven2/org/springframework/spring-aop/4.3.11.RELEASE/spring-aop-4.3.11.RELEASE.jar
2017-10-09 08:12:40,112 [Worker-4] INFO  o.e.m.c.i.e.AbstractTransferListenerAdapter - Downloaded http://repo.maven.apache.org/maven2/org/springframework/spring-aop/4.3.11.RELEASE/spring-aop-4.3.11.RELEASE.jar
2017-10-09 08:12:40,124 [Worker-4] INFO  o.e.m.c.i.e.AbstractTransferListenerAdapter - Downloading http://repo.maven.apache.org/maven2/org/springframework/spring-beans/4.3.11.RELEASE/spring-beans-4.3.11.RELEASE.jar
2017-10-09 08:12:40,280 [Worker-4] INFO  o.e.m.c.i.e.AbstractTransferListenerAdapter - Downloaded http://repo.maven.apache.org/maven2/org/springframework/spring-beans/4.3.11.RELEASE/spring-beans-4.3.11.RELEASE.jar
2017-10-09 08:12:40,294 [Worker-4] INFO  o.e.m.c.i.e.AbstractTransferListenerAdapter - Downloading http://repo.maven.apache.org/maven2/org/springframework/spring-context/4.3.11.RELEASE/spring-context-4.3.11.RELEASE.jar
2017-10-09 08:12:40,663 [Worker-4] INFO  o.e.m.c.i.e.AbstractTransferListenerAdapter - Downloaded http://repo.maven.apache.org/maven2/org/springframework/spring-context/4.3.11.RELEASE/spring-context-4.3.11.RELEASE.jar
2017-10-09 08:12:40,689 [Worker-4] INFO  o.e.m.c.i.e.AbstractTransferListenerAdapter - Downloading http://repo.maven.apache.org/maven2/org/springframework/spring-webmvc/4.3.11.RELEASE/spring-webmvc-4.3.11.RELEASE.jar
2017-10-09 08:12:40,883 [Worker-4] INFO  o.e.m.c.i.e.AbstractTransferListenerAdapter - Downloaded http://repo.maven.apache.org/maven2/org/springframework/spring-webmvc/4.3.11.RELEASE/spring-webmvc-4.3.11.RELEASE.jar
2017-10-09 08:12:40,897 [Worker-4] INFO  o.e.m.c.i.e.AbstractTransferListenerAdapter - Downloading http://repo.maven.apache.org/maven2/org/springframework/spring-expression/4.3.11.RELEASE/spring-expression-4.3.11.RELEASE.jar
2017-10-09 08:12:40,993 [Worker-4] INFO  o.e.m.c.i.e.AbstractTransferListenerAdapter - Downloaded http://repo.maven.apache.org/maven2/org/springframework/spring-expression/4.3.11.RELEASE/spring-expression-4.3.11.RELEASE.jar
2017-10-09 08:12:41,005 [Worker-4] INFO  o.e.m.c.i.e.AbstractTransferListenerAdapter - Downloading http://repo.maven.apache.org/maven2/org/springframework/boot/spring-boot-devtools/1.5.7.RELEASE/spring-boot-devtools-1.5.7.RELEASE.jar
2017-10-09 08:12:41,186 [Worker-4] INFO  o.e.m.c.i.e.AbstractTransferListenerAdapter - Downloaded http://repo.maven.apache.org/maven2/org/springframework/boot/spring-boot-devtools/1.5.7.RELEASE/spring-boot-devtools-1.5.7.RELEASE.jar
2017-10-09 08:12:41,206 [Worker-4] INFO  o.e.m.c.i.e.AbstractTransferListenerAdapter - Downloading http://repo.maven.apache.org/maven2/org/springframework/boot/spring-boot/1.5.7.RELEASE/spring-boot-1.5.7.RELEASE.jar
2017-10-09 08:12:41,469 [Worker-4] INFO  o.e.m.c.i.e.AbstractTransferListenerAdapter - Downloaded http://repo.maven.apache.org/maven2/org/springframework/boot/spring-boot/1.5.7.RELEASE/spring-boot-1.5.7.RELEASE.jar
2017-10-09 08:12:41,483 [Worker-4] INFO  o.e.m.c.i.e.AbstractTransferListenerAdapter - Downloading http://repo.maven.apache.org/maven2/org/springframework/boot/spring-boot-autoconfigure/1.5.7.RELEASE/spring-boot-autoconfigure-1.5.7.RELEASE.jar
2017-10-09 08:12:41,836 [Worker-4] INFO  o.e.m.c.i.e.AbstractTransferListenerAdapter - Downloaded http://repo.maven.apache.org/maven2/org/springframework/boot/spring-boot-autoconfigure/1.5.7.RELEASE/spring-boot-autoconfigure-1.5.7.RELEASE.jar
2017-10-09 08:12:41,849 [Worker-4] INFO  o.e.m.c.i.e.AbstractTransferListenerAdapter - Downloading http://repo.maven.apache.org/maven2/org/springframework/boot/spring-boot-starter-test/1.5.7.RELEASE/spring-boot-starter-test-1.5.7.RELEASE.jar
2017-10-09 08:12:41,929 [Worker-4] INFO  o.e.m.c.i.e.AbstractTransferListenerAdapter - Downloaded http://repo.maven.apache.org/maven2/org/springframework/boot/spring-boot-starter-test/1.5.7.RELEASE/spring-boot-starter-test-1.5.7.RELEASE.jar
2017-10-09 08:12:41,941 [Worker-4] INFO  o.e.m.c.i.e.AbstractTransferListenerAdapter - Downloading http://repo.maven.apache.org/maven2/org/springframework/boot/spring-boot-test/1.5.7.RELEASE/spring-boot-test-1.5.7.RELEASE.jar
2017-10-09 08:12:42,020 [Worker-4] INFO  o.e.m.c.i.e.AbstractTransferListenerAdapter - Downloaded http://repo.maven.apache.org/maven2/org/springframework/boot/spring-boot-test/1.5.7.RELEASE/spring-boot-test-1.5.7.RELEASE.jar
2017-10-09 08:12:42,033 [Worker-4] INFO  o.e.m.c.i.e.AbstractTransferListenerAdapter - Downloading http://repo.maven.apache.org/maven2/org/springframework/boot/spring-boot-test-autoconfigure/1.5.7.RELEASE/spring-boot-test-autoconfigure-1.5.7.RELEASE.jar
2017-10-09 08:12:42,102 [Worker-4] INFO  o.e.m.c.i.e.AbstractTransferListenerAdapter - Downloaded http://repo.maven.apache.org/maven2/org/springframework/boot/spring-boot-test-autoconfigure/1.5.7.RELEASE/spring-boot-test-autoconfigure-1.5.7.RELEASE.jar
2017-10-09 08:12:42,116 [Worker-4] INFO  o.e.m.c.i.e.AbstractTransferListenerAdapter - Downloading http://repo.maven.apache.org/maven2/org/springframework/spring-core/4.3.11.RELEASE/spring-core-4.3.11.RELEASE.jar
2017-10-09 08:12:42,436 [Worker-4] INFO  o.e.m.c.i.e.AbstractTransferListenerAdapter - Downloaded http://repo.maven.apache.org/maven2/org/springframework/spring-core/4.3.11.RELEASE/spring-core-4.3.11.RELEASE.jar
2017-10-09 08:12:42,451 [Worker-4] INFO  o.e.m.c.i.e.AbstractTransferListenerAdapter - Downloading http://repo.maven.apache.org/maven2/org/springframework/spring-test/4.3.11.RELEASE/spring-test-4.3.11.RELEASE.jar
2017-10-09 08:12:42,582 [Worker-4] INFO  o.e.m.c.i.e.AbstractTransferListenerAdapter - Downloaded http://repo.maven.apache.org/maven2/org/springframework/spring-test/4.3.11.RELEASE/spring-test-4.3.11.RELEASE.jar
2017-10-09 08:12:42,594 [Worker-4] INFO  o.e.m.c.i.e.AbstractTransferListenerAdapter - Downloading http://repo.maven.apache.org/maven2/org/springframework/boot/spring-boot-starter-thymeleaf/1.5.7.RELEASE/spring-boot-starter-thymeleaf-1.5.7.RELEASE.jar
2017-10-09 08:12:42,758 [Worker-4] INFO  o.e.m.c.i.e.AbstractTransferListenerAdapter - Downloaded http://repo.maven.apache.org/maven2/org/springframework/boot/spring-boot-starter-thymeleaf/1.5.7.RELEASE/spring-boot-starter-thymeleaf-1.5.7.RELEASE.jar
2017-10-09 08:12:42,771 [Worker-4] INFO  o.e.m.c.i.e.AbstractTransferListenerAdapter - Downloading http://repo.maven.apache.org/maven2/org/springframework/boot/spring-boot-starter-data-jpa/1.5.7.RELEASE/spring-boot-starter-data-jpa-1.5.7.RELEASE.jar
2017-10-09 08:12:42,956 [Worker-4] INFO  o.e.m.c.i.e.AbstractTransferListenerAdapter - Downloaded http://repo.maven.apache.org/maven2/org/springframework/boot/spring-boot-starter-data-jpa/1.5.7.RELEASE/spring-boot-starter-data-jpa-1.5.7.RELEASE.jar
2017-10-09 08:12:42,970 [Worker-4] INFO  o.e.m.c.i.e.AbstractTransferListenerAdapter - Downloading http://repo.maven.apache.org/maven2/org/springframework/boot/spring-boot-starter-aop/1.5.7.RELEASE/spring-boot-starter-aop-1.5.7.RELEASE.jar
2017-10-09 08:12:43,167 [Worker-4] INFO  o.e.m.c.i.e.AbstractTransferListenerAdapter - Downloaded http://repo.maven.apache.org/maven2/org/springframework/boot/spring-boot-starter-aop/1.5.7.RELEASE/spring-boot-starter-aop-1.5.7.RELEASE.jar
2017-10-09 08:12:43,184 [Worker-4] INFO  o.e.m.c.i.e.AbstractTransferListenerAdapter - Downloading http://repo.maven.apache.org/maven2/org/aspectj/aspectjweaver/1.8.10/aspectjweaver-1.8.10.jar
2017-10-09 08:12:43,541 [Worker-4] INFO  o.e.m.c.i.e.AbstractTransferListenerAdapter - Downloaded http://repo.maven.apache.org/maven2/org/aspectj/aspectjweaver/1.8.10/aspectjweaver-1.8.10.jar
2017-10-09 08:12:43,552 [Worker-4] INFO  o.e.m.c.i.e.AbstractTransferListenerAdapter - Downloading http://repo.maven.apache.org/maven2/org/springframework/boot/spring-boot-starter-jdbc/1.5.7.RELEASE/spring-boot-starter-jdbc-1.5.7.RELEASE.jar
2017-10-09 08:12:43,614 [Worker-4] INFO  o.e.m.c.i.e.AbstractTransferListenerAdapter - Downloaded http://repo.maven.apache.org/maven2/org/springframework/boot/spring-boot-starter-jdbc/1.5.7.RELEASE/spring-boot-starter-jdbc-1.5.7.RELEASE.jar
2017-10-09 08:12:43,630 [Worker-4] INFO  o.e.m.c.i.e.AbstractTransferListenerAdapter - Downloading http://repo.maven.apache.org/maven2/org/apache/tomcat/tomcat-jdbc/8.5.20/tomcat-jdbc-8.5.20.jar
2017-10-09 08:12:43,699 [Worker-4] INFO  o.e.m.c.i.e.AbstractTransferListenerAdapter - Downloaded http://repo.maven.apache.org/maven2/org/apache/tomcat/tomcat-jdbc/8.5.20/tomcat-jdbc-8.5.20.jar
2017-10-09 08:12:43,712 [Worker-4] INFO  o.e.m.c.i.e.AbstractTransferListenerAdapter - Downloading http://repo.maven.apache.org/maven2/org/apache/tomcat/tomcat-juli/8.5.20/tomcat-juli-8.5.20.jar
2017-10-09 08:12:44,036 [Worker-4] INFO  o.e.m.c.i.e.AbstractTransferListenerAdapter - Downloaded http://repo.maven.apache.org/maven2/org/apache/tomcat/tomcat-juli/8.5.20/tomcat-juli-8.5.20.jar
2017-10-09 08:12:44,055 [Worker-4] INFO  o.e.m.c.i.e.AbstractTransferListenerAdapter - Downloading http://repo.maven.apache.org/maven2/org/springframework/spring-jdbc/4.3.11.RELEASE/spring-jdbc-4.3.11.RELEASE.jar
2017-10-09 08:12:44,196 [Worker-4] INFO  o.e.m.c.i.e.AbstractTransferListenerAdapter - Downloaded http://repo.maven.apache.org/maven2/org/springframework/spring-jdbc/4.3.11.RELEASE/spring-jdbc-4.3.11.RELEASE.jar
2017-10-09 08:12:44,218 [Worker-4] INFO  o.e.m.c.i.e.AbstractTransferListenerAdapter - Downloading http://repo.maven.apache.org/maven2/org/hibernate/hibernate-core/5.0.12.Final/hibernate-core-5.0.12.Final.jar
2017-10-09 08:12:45,246 [Worker-4] INFO  o.e.m.c.i.e.AbstractTransferListenerAdapter - Downloaded http://repo.maven.apache.org/maven2/org/hibernate/hibernate-core/5.0.12.Final/hibernate-core-5.0.12.Final.jar
2017-10-09 08:12:45,258 [Worker-4] INFO  o.e.m.c.i.e.AbstractTransferListenerAdapter - Downloading http://repo.maven.apache.org/maven2/org/hibernate/javax/persistence/hibernate-jpa-2.1-api/1.0.0.Final/hibernate-jpa-2.1-api-1.0.0.Final.jar
2017-10-09 08:12:45,356 [Worker-4] INFO  o.e.m.c.i.e.AbstractTransferListenerAdapter - Downloaded http://repo.maven.apache.org/maven2/org/hibernate/javax/persistence/hibernate-jpa-2.1-api/1.0.0.Final/hibernate-jpa-2.1-api-1.0.0.Final.jar
2017-10-09 08:12:45,376 [Worker-4] INFO  o.e.m.c.i.e.AbstractTransferListenerAdapter - Downloading http://repo.maven.apache.org/maven2/antlr/antlr/2.7.7/antlr-2.7.7.jar
2017-10-09 08:12:45,513 [Worker-4] INFO  o.e.m.c.i.e.AbstractTransferListenerAdapter - Downloaded http://repo.maven.apache.org/maven2/antlr/antlr/2.7.7/antlr-2.7.7.jar
2017-10-09 08:12:45,528 [Worker-4] INFO  o.e.m.c.i.e.AbstractTransferListenerAdapter - Downloading http://repo.maven.apache.org/maven2/org/jboss/jandex/2.0.0.Final/jandex-2.0.0.Final.jar
2017-10-09 08:12:45,728 [Worker-4] INFO  o.e.m.c.i.e.AbstractTransferListenerAdapter - Downloaded http://repo.maven.apache.org/maven2/org/jboss/jandex/2.0.0.Final/jandex-2.0.0.Final.jar
2017-10-09 08:12:45,740 [Worker-4] INFO  o.e.m.c.i.e.AbstractTransferListenerAdapter - Downloading http://repo.maven.apache.org/maven2/dom4j/dom4j/1.6.1/dom4j-1.6.1.jar
2017-10-09 08:12:45,846 [Worker-4] INFO  o.e.m.c.i.e.AbstractTransferListenerAdapter - Downloaded http://repo.maven.apache.org/maven2/dom4j/dom4j/1.6.1/dom4j-1.6.1.jar
2017-10-09 08:12:45,859 [Worker-4] INFO  o.e.m.c.i.e.AbstractTransferListenerAdapter - Downloading http://repo.maven.apache.org/maven2/org/hibernate/common/hibernate-commons-annotations/5.0.1.Final/hibernate-commons-annotations-5.0.1.Final.jar
2017-10-09 08:12:46,020 [Worker-4] INFO  o.e.m.c.i.e.AbstractTransferListenerAdapter - Downloaded http://repo.maven.apache.org/maven2/org/hibernate/common/hibernate-commons-annotations/5.0.1.Final/hibernate-commons-annotations-5.0.1.Final.jar
2017-10-09 08:12:46,036 [Worker-4] INFO  o.e.m.c.i.e.AbstractTransferListenerAdapter - Downloading http://repo.maven.apache.org/maven2/org/hibernate/hibernate-entitymanager/5.0.12.Final/hibernate-entitymanager-5.0.12.Final.jar
2017-10-09 08:12:46,173 [Worker-4] INFO  o.e.m.c.i.e.AbstractTransferListenerAdapter - Downloaded http://repo.maven.apache.org/maven2/org/hibernate/hibernate-entitymanager/5.0.12.Final/hibernate-entitymanager-5.0.12.Final.jar
2017-10-09 08:12:46,186 [Worker-4] INFO  o.e.m.c.i.e.AbstractTransferListenerAdapter - Downloading http://repo.maven.apache.org/maven2/javax/transaction/javax.transaction-api/1.2/javax.transaction-api-1.2.jar
2017-10-09 08:12:46,441 [Worker-4] INFO  o.e.m.c.i.e.AbstractTransferListenerAdapter - Downloaded http://repo.maven.apache.org/maven2/javax/transaction/javax.transaction-api/1.2/javax.transaction-api-1.2.jar
2017-10-09 08:12:46,458 [Worker-4] INFO  o.e.m.c.i.e.AbstractTransferListenerAdapter - Downloading http://repo.maven.apache.org/maven2/org/springframework/data/spring-data-jpa/1.11.7.RELEASE/spring-data-jpa-1.11.7.RELEASE.jar
2017-10-09 08:12:46,548 [Worker-4] INFO  o.e.m.c.i.e.AbstractTransferListenerAdapter - Downloaded http://repo.maven.apache.org/maven2/org/springframework/data/spring-data-jpa/1.11.7.RELEASE/spring-data-jpa-1.11.7.RELEASE.jar
2017-10-09 08:12:46,563 [Worker-4] INFO  o.e.m.c.i.e.AbstractTransferListenerAdapter - Downloading http://repo.maven.apache.org/maven2/org/springframework/data/spring-data-commons/1.13.7.RELEASE/spring-data-commons-1.13.7.RELEASE.jar
2017-10-09 08:12:46,836 [Worker-4] INFO  o.e.m.c.i.e.AbstractTransferListenerAdapter - Downloaded http://repo.maven.apache.org/maven2/org/springframework/data/spring-data-commons/1.13.7.RELEASE/spring-data-commons-1.13.7.RELEASE.jar
2017-10-09 08:12:46,853 [Worker-4] INFO  o.e.m.c.i.e.AbstractTransferListenerAdapter - Downloading http://repo.maven.apache.org/maven2/org/springframework/spring-orm/4.3.11.RELEASE/spring-orm-4.3.11.RELEASE.jar
2017-10-09 08:12:47,082 [Worker-4] INFO  o.e.m.c.i.e.AbstractTransferListenerAdapter - Downloaded http://repo.maven.apache.org/maven2/org/springframework/spring-orm/4.3.11.RELEASE/spring-orm-4.3.11.RELEASE.jar
2017-10-09 08:12:47,097 [Worker-4] INFO  o.e.m.c.i.e.AbstractTransferListenerAdapter - Downloading http://repo.maven.apache.org/maven2/org/springframework/spring-tx/4.3.11.RELEASE/spring-tx-4.3.11.RELEASE.jar
2017-10-09 08:12:47,299 [Worker-4] INFO  o.e.m.c.i.e.AbstractTransferListenerAdapter - Downloaded http://repo.maven.apache.org/maven2/org/springframework/spring-tx/4.3.11.RELEASE/spring-tx-4.3.11.RELEASE.jar
2017-10-09 08:12:47,312 [Worker-4] INFO  o.e.m.c.i.e.AbstractTransferListenerAdapter - Downloading http://repo.maven.apache.org/maven2/org/springframework/spring-aspects/4.3.11.RELEASE/spring-aspects-4.3.11.RELEASE.jar
2017-10-09 08:12:47,479 [Worker-4] INFO  o.e.m.c.i.e.AbstractTransferListenerAdapter - Downloaded http://repo.maven.apache.org/maven2/org/springframework/spring-aspects/4.3.11.RELEASE/spring-aspects-4.3.11.RELEASE.jar
2017-10-09 08:12:47,490 [Worker-4] INFO  o.e.m.c.i.e.AbstractTransferListenerAdapter - Downloading http://repo.maven.apache.org/maven2/com/h2database/h2/1.4.196/h2-1.4.196.jar
2017-10-09 08:12:47,858 [Worker-4] INFO  o.e.m.c.i.e.AbstractTransferListenerAdapter - Downloaded http://repo.maven.apache.org/maven2/com/h2database/h2/1.4.196/h2-1.4.196.jar
2017-10-09 08:12:48,644 [Worker-4] WARN  o.e.m.c.i.embedder.EclipseLogger - Failed to dispatch repository event to org.eclipse.m2e.core.internal.embedder.EclipseRepositoryListener: null
2017-10-09 08:12:49,501 [Worker-4] WARN  o.e.m.c.i.embedder.EclipseLogger - Failed to dispatch repository event to org.eclipse.m2e.core.internal.embedder.EclipseRepositoryListener: null
2017-10-09 08:12:50,551 [Worker-4] WARN  o.e.m.c.i.embedder.EclipseLogger - Failed to dispatch repository event to org.eclipse.m2e.core.internal.embedder.EclipseRepositoryListener: null
2017-10-09 08:12:51,636 [Worker-4] WARN  o.e.m.c.i.embedder.EclipseLogger - Failed to dispatch repository event to org.eclipse.m2e.core.internal.embedder.EclipseRepositoryListener: null
2017-10-09 08:12:52,610 [Worker-4] WARN  o.e.m.c.i.embedder.EclipseLogger - Failed to dispatch repository event to org.eclipse.m2e.core.internal.embedder.EclipseRepositoryListener: null
2017-10-09 08:12:53,696 [Worker-4] WARN  o.e.m.c.i.embedder.EclipseLogger - Failed to dispatch repository event to org.eclipse.m2e.core.internal.embedder.EclipseRepositoryListener: null
2017-10-09 08:12:54,638 [Worker-4] WARN  o.e.m.c.i.embedder.EclipseLogger - Failed to dispatch repository event to org.eclipse.m2e.core.internal.embedder.EclipseRepositoryListener: null
2017-10-09 08:12:55,738 [Worker-4] WARN  o.e.m.c.i.embedder.EclipseLogger - Failed to dispatch repository event to org.eclipse.m2e.core.internal.embedder.EclipseRepositoryListener: null
2017-10-09 08:12:56,713 [Worker-4] WARN  o.e.m.c.i.embedder.EclipseLogger - Failed to dispatch repository event to org.eclipse.m2e.core.internal.embedder.EclipseRepositoryListener: null
2017-10-09 08:12:57,567 [Worker-4] INFO  o.e.m.j.i.AbstractJavaProjectConfigurator - Adding source folder /Bookstore/src/main/java
2017-10-09 08:12:57,571 [Worker-4] INFO  o.e.m.j.i.AbstractJavaProjectConfigurator - Adding resource folder /Bookstore/src/main/resources
2017-10-09 08:12:57,584 [Worker-4] INFO  o.e.m.j.i.AbstractJavaProjectConfigurator - Adding resource folder /Bookstore/src/main/resources
2017-10-09 08:12:57,593 [Worker-4] INFO  o.e.m.j.i.AbstractJavaProjectConfigurator - Adding source folder /Bookstore/src/test/java
2017-10-09 08:12:57,975 [Worker-3] INFO  o.e.m.c.i.l.LifecycleMappingFactory - Using org.eclipse.m2e.jdt.JarLifecycleMapping lifecycle mapping for MavenProject: com.example:Bookstore:0.0.1-SNAPSHOT @ C:\Users\Marko\Desktop\Koulujutut\BookStore-master\pom.xml.
2017-10-09 08:13:00,317 [Worker-4] INFO  o.e.m.c.i.p.ProjectConfigurationManager - Imported and configured 1 project(s) in 39 sec
2017-10-09 08:13:01,940 [Worker-7] INFO  o.e.m.c.i.l.LifecycleMappingFactory - Using org.eclipse.m2e.jdt.JarLifecycleMapping lifecycle mapping for MavenProject: com.example:Bookstore:0.0.1-SNAPSHOT @ C:\Users\Marko\Desktop\Koulujutut\BookStore-master\pom.xml.
2017-10-09 08:13:02,935 [Worker-7] INFO  o.e.m.c.i.embedder.EclipseLogger - Using 'UTF-8' encoding to copy filtered resources.
2017-10-09 08:13:02,943 [Worker-7] INFO  o.e.m.c.i.embedder.EclipseLogger - Copying 1 resource
2017-10-09 08:13:02,962 [Worker-7] INFO  o.e.m.c.i.embedder.EclipseLogger - Copying 0 resource
2017-10-09 08:13:02,970 [Worker-7] INFO  o.e.m.c.i.embedder.EclipseLogger - Using 'UTF-8' encoding to copy filtered resources.
2017-10-09 08:13:02,970 [Worker-7] INFO  o.e.m.c.i.embedder.EclipseLogger - skip non existing resourceDirectory C:\Users\Marko\Desktop\Koulujutut\BookStore-master\src\test\resources
2017-10-09 08:15:30,651 [Worker-6] INFO  o.e.m.c.i.l.LifecycleMappingFactory - Using org.eclipse.m2e.jdt.JarLifecycleMapping lifecycle mapping for MavenProject: com.dukemania:bookstore-app:0.0.1-SNAPSHOT @ C:\Users\Marko\Desktop\BookStore-master\pom.xml.
2017-10-09 08:15:31,306 [Worker-6] INFO  o.e.m.c.i.e.AbstractTransferListenerAdapter - Downloading http://repo.maven.apache.org/maven2/org/springframework/boot/spring-boot-starter-data-jpa/1.5.6.RELEASE/spring-boot-starter-data-jpa-1.5.6.RELEASE.pom
2017-10-09 08:15:31,467 [Worker-6] INFO  o.e.m.c.i.e.AbstractTransferListenerAdapter - Downloaded http://repo.maven.apache.org/maven2/org/springframework/boot/spring-boot-starter-data-jpa/1.5.6.RELEASE/spring-boot-starter-data-jpa-1.5.6.RELEASE.pom
2017-10-09 08:15:31,524 [Worker-6] INFO  o.e.m.c.i.e.AbstractTransferListenerAdapter - Downloading http://repo.maven.apache.org/maven2/org/springframework/boot/spring-boot-starter-aop/1.5.6.RELEASE/spring-boot-starter-aop-1.5.6.RELEASE.pom
2017-10-09 08:15:31,679 [Worker-6] INFO  o.e.m.c.i.e.AbstractTransferListenerAdapter - Downloaded http://repo.maven.apache.org/maven2/org/springframework/boot/spring-boot-starter-aop/1.5.6.RELEASE/spring-boot-starter-aop-1.5.6.RELEASE.pom
2017-10-09 08:15:31,718 [Worker-6] INFO  o.e.m.c.i.e.AbstractTransferListenerAdapter - Downloading http://repo.maven.apache.org/maven2/org/springframework/boot/spring-boot-starter-jdbc/1.5.6.RELEASE/spring-boot-starter-jdbc-1.5.6.RELEASE.pom
2017-10-09 08:15:31,869 [Worker-6] INFO  o.e.m.c.i.e.AbstractTransferListenerAdapter - Downloaded http://repo.maven.apache.org/maven2/org/springframework/boot/spring-boot-starter-jdbc/1.5.6.RELEASE/spring-boot-starter-jdbc-1.5.6.RELEASE.pom
2017-10-09 08:15:31,907 [Worker-6] INFO  o.e.m.c.i.e.AbstractTransferListenerAdapter - Downloading http://repo.maven.apache.org/maven2/org/apache/tomcat/tomcat-jdbc/8.5.16/tomcat-jdbc-8.5.16.pom
2017-10-09 08:15:32,061 [Worker-6] INFO  o.e.m.c.i.e.AbstractTransferListenerAdapter - Downloaded http://repo.maven.apache.org/maven2/org/apache/tomcat/tomcat-jdbc/8.5.16/tomcat-jdbc-8.5.16.pom
2017-10-09 08:15:32,096 [Worker-6] INFO  o.e.m.c.i.e.AbstractTransferListenerAdapter - Downloading http://repo.maven.apache.org/maven2/org/apache/tomcat/tomcat-juli/8.5.16/tomcat-juli-8.5.16.pom
2017-10-09 08:15:32,253 [Worker-6] INFO  o.e.m.c.i.e.AbstractTransferListenerAdapter - Downloaded http://repo.maven.apache.org/maven2/org/apache/tomcat/tomcat-juli/8.5.16/tomcat-juli-8.5.16.pom
2017-10-09 08:15:32,293 [Worker-6] INFO  o.e.m.c.i.e.AbstractTransferListenerAdapter - Downloading http://repo.maven.apache.org/maven2/org/springframework/spring-jdbc/4.3.10.RELEASE/spring-jdbc-4.3.10.RELEASE.pom
2017-10-09 08:15:32,501 [Worker-6] INFO  o.e.m.c.i.e.AbstractTransferListenerAdapter - Downloaded http://repo.maven.apache.org/maven2/org/springframework/spring-jdbc/4.3.10.RELEASE/spring-jdbc-4.3.10.RELEASE.pom
2017-10-09 08:15:32,540 [Worker-6] INFO  o.e.m.c.i.e.AbstractTransferListenerAdapter - Downloading http://repo.maven.apache.org/maven2/org/springframework/spring-tx/4.3.10.RELEASE/spring-tx-4.3.10.RELEASE.pom
2017-10-09 08:15:32,589 [Worker-6] INFO  o.e.m.c.i.e.AbstractTransferListenerAdapter - Downloaded http://repo.maven.apache.org/maven2/org/springframework/spring-tx/4.3.10.RELEASE/spring-tx-4.3.10.RELEASE.pom
2017-10-09 08:15:32,661 [Worker-6] INFO  o.e.m.c.i.e.AbstractTransferListenerAdapter - Downloading http://repo.maven.apache.org/maven2/org/springframework/data/spring-data-jpa/1.11.6.RELEASE/spring-data-jpa-1.11.6.RELEASE.pom
2017-10-09 08:15:32,822 [Worker-6] INFO  o.e.m.c.i.e.AbstractTransferListenerAdapter - Downloaded http://repo.maven.apache.org/maven2/org/springframework/data/spring-data-jpa/1.11.6.RELEASE/spring-data-jpa-1.11.6.RELEASE.pom
2017-10-09 08:15:32,853 [Worker-6] INFO  o.e.m.c.i.e.AbstractTransferListenerAdapter - Downloading http://repo.maven.apache.org/maven2/org/springframework/data/build/spring-data-parent/1.9.6.RELEASE/spring-data-parent-1.9.6.RELEASE.pom
2017-10-09 08:15:33,019 [Worker-6] INFO  o.e.m.c.i.e.AbstractTransferListenerAdapter - Downloaded http://repo.maven.apache.org/maven2/org/springframework/data/build/spring-data-parent/1.9.6.RELEASE/spring-data-parent-1.9.6.RELEASE.pom
2017-10-09 08:15:33,056 [Worker-6] INFO  o.e.m.c.i.e.AbstractTransferListenerAdapter - Downloading http://repo.maven.apache.org/maven2/org/springframework/data/spring-data-commons/1.13.6.RELEASE/spring-data-commons-1.13.6.RELEASE.pom
2017-10-09 08:15:33,213 [Worker-6] INFO  o.e.m.c.i.e.AbstractTransferListenerAdapter - Downloaded http://repo.maven.apache.org/maven2/org/springframework/data/spring-data-commons/1.13.6.RELEASE/spring-data-commons-1.13.6.RELEASE.pom
2017-10-09 08:15:33,245 [Worker-6] INFO  o.e.m.c.i.e.AbstractTransferListenerAdapter - Downloading http://repo.maven.apache.org/maven2/org/springframework/spring-orm/4.3.10.RELEASE/spring-orm-4.3.10.RELEASE.pom
2017-10-09 08:15:33,405 [Worker-6] INFO  o.e.m.c.i.e.AbstractTransferListenerAdapter - Downloaded http://repo.maven.apache.org/maven2/org/springframework/spring-orm/4.3.10.RELEASE/spring-orm-4.3.10.RELEASE.pom
2017-10-09 08:15:33,443 [Worker-6] INFO  o.e.m.c.i.e.AbstractTransferListenerAdapter - Downloading http://repo.maven.apache.org/maven2/org/springframework/spring-aspects/4.3.10.RELEASE/spring-aspects-4.3.10.RELEASE.pom
2017-10-09 08:15:33,599 [Worker-6] INFO  o.e.m.c.i.e.AbstractTransferListenerAdapter - Downloaded http://repo.maven.apache.org/maven2/org/springframework/spring-aspects/4.3.10.RELEASE/spring-aspects-4.3.10.RELEASE.pom
2017-10-09 08:15:33,921 [Worker-6] INFO  o.e.m.c.i.e.AbstractTransferListenerAdapter - Downloading http://repo.maven.apache.org/maven2/org/springframework/boot/spring-boot-starter-security/1.5.6.RELEASE/spring-boot-starter-security-1.5.6.RELEASE.pom
2017-10-09 08:15:34,077 [Worker-6] INFO  o.e.m.c.i.e.AbstractTransferListenerAdapter - Downloaded http://repo.maven.apache.org/maven2/org/springframework/boot/spring-boot-starter-security/1.5.6.RELEASE/spring-boot-starter-security-1.5.6.RELEASE.pom
2017-10-09 08:15:34,123 [Worker-6] INFO  o.e.m.c.i.e.AbstractTransferListenerAdapter - Downloading http://repo.maven.apache.org/maven2/org/springframework/security/spring-security-config/4.2.3.RELEASE/spring-security-config-4.2.3.RELEASE.pom
2017-10-09 08:15:34,277 [Worker-6] INFO  o.e.m.c.i.e.AbstractTransferListenerAdapter - Downloaded http://repo.maven.apache.org/maven2/org/springframework/security/spring-security-config/4.2.3.RELEASE/spring-security-config-4.2.3.RELEASE.pom
2017-10-09 08:15:34,319 [Worker-6] INFO  o.e.m.c.i.e.AbstractTransferListenerAdapter - Downloading http://repo.maven.apache.org/maven2/org/springframework/spring-framework-bom/4.3.9.RELEASE/spring-framework-bom-4.3.9.RELEASE.pom
2017-10-09 08:15:34,506 [Worker-6] INFO  o.e.m.c.i.e.AbstractTransferListenerAdapter - Downloaded http://repo.maven.apache.org/maven2/org/springframework/spring-framework-bom/4.3.9.RELEASE/spring-framework-bom-4.3.9.RELEASE.pom
2017-10-09 08:15:34,545 [Worker-6] INFO  o.e.m.c.i.e.AbstractTransferListenerAdapter - Downloading http://repo.maven.apache.org/maven2/org/springframework/security/spring-security-core/4.2.3.RELEASE/spring-security-core-4.2.3.RELEASE.pom
2017-10-09 08:15:34,707 [Worker-6] INFO  o.e.m.c.i.e.AbstractTransferListenerAdapter - Downloaded http://repo.maven.apache.org/maven2/org/springframework/security/spring-security-core/4.2.3.RELEASE/spring-security-core-4.2.3.RELEASE.pom
2017-10-09 08:15:34,750 [Worker-6] INFO  o.e.m.c.i.e.AbstractTransferListenerAdapter - Downloading http://repo.maven.apache.org/maven2/org/springframework/security/spring-security-web/4.2.3.RELEASE/spring-security-web-4.2.3.RELEASE.pom
2017-10-09 08:15:34,799 [Worker-6] INFO  o.e.m.c.i.e.AbstractTransferListenerAdapter - Downloaded http://repo.maven.apache.org/maven2/org/springframework/security/spring-security-web/4.2.3.RELEASE/spring-security-web-4.2.3.RELEASE.pom
2017-10-09 08:15:34,932 [Worker-6] INFO  o.e.m.c.i.e.AbstractTransferListenerAdapter - Downloading http://repo.maven.apache.org/maven2/org/springframework/data/spring-data-rest-webmvc/2.5.3.RELEASE/spring-data-rest-webmvc-2.5.3.RELEASE.pom
2017-10-09 08:15:35,099 [Worker-6] INFO  o.e.m.c.i.e.AbstractTransferListenerAdapter - Downloaded http://repo.maven.apache.org/maven2/org/springframework/data/spring-data-rest-webmvc/2.5.3.RELEASE/spring-data-rest-webmvc-2.5.3.RELEASE.pom
2017-10-09 08:15:35,245 [Worker-6] INFO  o.e.m.c.i.e.AbstractTransferListenerAdapter - Downloading http://repo.maven.apache.org/maven2/org/springframework/data/spring-data-rest-parent/2.5.3.RELEASE/spring-data-rest-parent-2.5.3.RELEASE.pom
2017-10-09 08:15:35,416 [Worker-6] INFO  o.e.m.c.i.e.AbstractTransferListenerAdapter - Downloaded http://repo.maven.apache.org/maven2/org/springframework/data/spring-data-rest-parent/2.5.3.RELEASE/spring-data-rest-parent-2.5.3.RELEASE.pom
2017-10-09 08:15:35,452 [Worker-6] INFO  o.e.m.c.i.e.AbstractTransferListenerAdapter - Downloading http://repo.maven.apache.org/maven2/org/springframework/data/build/spring-data-parent/1.8.3.RELEASE/spring-data-parent-1.8.3.RELEASE.pom
2017-10-09 08:15:35,608 [Worker-6] INFO  o.e.m.c.i.e.AbstractTransferListenerAdapter - Downloaded http://repo.maven.apache.org/maven2/org/springframework/data/build/spring-data-parent/1.8.3.RELEASE/spring-data-parent-1.8.3.RELEASE.pom
2017-10-09 08:15:35,651 [Worker-6] INFO  o.e.m.c.i.e.AbstractTransferListenerAdapter - Downloading http://repo.maven.apache.org/maven2/org/springframework/data/build/spring-data-build/1.8.3.RELEASE/spring-data-build-1.8.3.RELEASE.pom
2017-10-09 08:15:35,808 [Worker-6] INFO  o.e.m.c.i.e.AbstractTransferListenerAdapter - Downloaded http://repo.maven.apache.org/maven2/org/springframework/data/build/spring-data-build/1.8.3.RELEASE/spring-data-build-1.8.3.RELEASE.pom
2017-10-09 08:15:35,845 [Worker-6] INFO  o.e.m.c.i.e.AbstractTransferListenerAdapter - Downloading http://repo.maven.apache.org/maven2/org/springframework/spring-framework-bom/4.2.8.RELEASE/spring-framework-bom-4.2.8.RELEASE.pom
2017-10-09 08:15:35,897 [Worker-6] INFO  o.e.m.c.i.e.AbstractTransferListenerAdapter - Downloaded http://repo.maven.apache.org/maven2/org/springframework/spring-framework-bom/4.2.8.RELEASE/spring-framework-bom-4.2.8.RELEASE.pom
2017-10-09 08:15:35,931 [Worker-6] INFO  o.e.m.c.i.e.AbstractTransferListenerAdapter - Downloading http://repo.maven.apache.org/maven2/org/springframework/data/spring-data-rest-core/2.6.6.RELEASE/spring-data-rest-core-2.6.6.RELEASE.pom
2017-10-09 08:15:36,085 [Worker-6] INFO  o.e.m.c.i.e.AbstractTransferListenerAdapter - Downloaded http://repo.maven.apache.org/maven2/org/springframework/data/spring-data-rest-core/2.6.6.RELEASE/spring-data-rest-core-2.6.6.RELEASE.pom
2017-10-09 08:15:36,127 [Worker-6] INFO  o.e.m.c.i.e.AbstractTransferListenerAdapter - Downloading http://repo.maven.apache.org/maven2/org/springframework/data/spring-data-rest-parent/2.6.6.RELEASE/spring-data-rest-parent-2.6.6.RELEASE.pom
2017-10-09 08:15:36,278 [Worker-6] INFO  o.e.m.c.i.e.AbstractTransferListenerAdapter - Downloaded http://repo.maven.apache.org/maven2/org/springframework/data/spring-data-rest-parent/2.6.6.RELEASE/spring-data-rest-parent-2.6.6.RELEASE.pom
2017-10-09 08:15:36,320 [Worker-6] INFO  o.e.m.c.i.e.AbstractTransferListenerAdapter - Downloading http://repo.maven.apache.org/maven2/org/springframework/hateoas/spring-hateoas/0.23.0.RELEASE/spring-hateoas-0.23.0.RELEASE.pom
2017-10-09 08:15:36,494 [Worker-6] INFO  o.e.m.c.i.e.AbstractTransferListenerAdapter - Downloaded http://repo.maven.apache.org/maven2/org/springframework/hateoas/spring-hateoas/0.23.0.RELEASE/spring-hateoas-0.23.0.RELEASE.pom
2017-10-09 08:15:36,534 [Worker-6] INFO  o.e.m.c.i.e.AbstractTransferListenerAdapter - Downloading http://repo.maven.apache.org/maven2/org/springframework/plugin/spring-plugin-core/1.2.0.RELEASE/spring-plugin-core-1.2.0.RELEASE.pom
2017-10-09 08:15:36,684 [Worker-6] INFO  o.e.m.c.i.e.AbstractTransferListenerAdapter - Downloaded http://repo.maven.apache.org/maven2/org/springframework/plugin/spring-plugin-core/1.2.0.RELEASE/spring-plugin-core-1.2.0.RELEASE.pom
2017-10-09 08:15:36,728 [Worker-6] INFO  o.e.m.c.i.e.AbstractTransferListenerAdapter - Downloading http://repo.maven.apache.org/maven2/org/springframework/plugin/spring-plugin/1.2.0.RELEASE/spring-plugin-1.2.0.RELEASE.pom
2017-10-09 08:15:36,885 [Worker-6] INFO  o.e.m.c.i.e.AbstractTransferListenerAdapter - Downloaded http://repo.maven.apache.org/maven2/org/springframework/plugin/spring-plugin/1.2.0.RELEASE/spring-plugin-1.2.0.RELEASE.pom
2017-10-09 08:15:36,930 [Worker-6] INFO  o.e.m.c.i.e.AbstractTransferListenerAdapter - Downloading http://repo.maven.apache.org/maven2/org/atteo/evo-inflector/1.2.2/evo-inflector-1.2.2.pom
2017-10-09 08:15:37,086 [Worker-6] INFO  o.e.m.c.i.e.AbstractTransferListenerAdapter - Downloaded http://repo.maven.apache.org/maven2/org/atteo/evo-inflector/1.2.2/evo-inflector-1.2.2.pom
2017-10-09 08:15:37,126 [Worker-6] INFO  o.e.m.c.i.e.AbstractTransferListenerAdapter - Downloading http://repo.maven.apache.org/maven2/org/atteo/parent/1.14/parent-1.14.pom
2017-10-09 08:15:37,280 [Worker-6] INFO  o.e.m.c.i.e.AbstractTransferListenerAdapter - Downloaded http://repo.maven.apache.org/maven2/org/atteo/parent/1.14/parent-1.14.pom
2017-10-09 08:15:37,326 [Worker-6] INFO  o.e.m.c.i.e.AbstractTransferListenerAdapter - Downloading http://repo.maven.apache.org/maven2/org/thymeleaf/extras/thymeleaf-extras-springsecurity4/2.1.2.RELEASE/thymeleaf-extras-springsecurity4-2.1.2.RELEASE.pom
2017-10-09 08:15:37,482 [Worker-6] INFO  o.e.m.c.i.e.AbstractTransferListenerAdapter - Downloaded http://repo.maven.apache.org/maven2/org/thymeleaf/extras/thymeleaf-extras-springsecurity4/2.1.2.RELEASE/thymeleaf-extras-springsecurity4-2.1.2.RELEASE.pom
2017-10-09 08:15:37,680 [Worker-6] INFO  o.e.m.c.i.e.AbstractTransferListenerAdapter - Downloading http://repo.maven.apache.org/maven2/org/springframework/boot/spring-boot-starter-data-jpa/1.5.6.RELEASE/spring-boot-starter-data-jpa-1.5.6.RELEASE.jar
2017-10-09 08:15:37,842 [Worker-6] INFO  o.e.m.c.i.e.AbstractTransferListenerAdapter - Downloaded http://repo.maven.apache.org/maven2/org/springframework/boot/spring-boot-starter-data-jpa/1.5.6.RELEASE/spring-boot-starter-data-jpa-1.5.6.RELEASE.jar
2017-10-09 08:15:37,855 [Worker-6] INFO  o.e.m.c.i.e.AbstractTransferListenerAdapter - Downloading http://repo.maven.apache.org/maven2/org/springframework/boot/spring-boot-starter-aop/1.5.6.RELEASE/spring-boot-starter-aop-1.5.6.RELEASE.jar
2017-10-09 08:15:38,029 [Worker-6] INFO  o.e.m.c.i.e.AbstractTransferListenerAdapter - Downloaded http://repo.maven.apache.org/maven2/org/springframework/boot/spring-boot-starter-aop/1.5.6.RELEASE/spring-boot-starter-aop-1.5.6.RELEASE.jar
2017-10-09 08:15:38,042 [Worker-6] INFO  o.e.m.c.i.e.AbstractTransferListenerAdapter - Downloading http://repo.maven.apache.org/maven2/org/springframework/boot/spring-boot-starter-jdbc/1.5.6.RELEASE/spring-boot-starter-jdbc-1.5.6.RELEASE.jar
2017-10-09 08:15:38,222 [Worker-6] INFO  o.e.m.c.i.e.AbstractTransferListenerAdapter - Downloaded http://repo.maven.apache.org/maven2/org/springframework/boot/spring-boot-starter-jdbc/1.5.6.RELEASE/spring-boot-starter-jdbc-1.5.6.RELEASE.jar
2017-10-09 08:15:38,234 [Worker-6] INFO  o.e.m.c.i.e.AbstractTransferListenerAdapter - Downloading http://repo.maven.apache.org/maven2/org/apache/tomcat/tomcat-jdbc/8.5.16/tomcat-jdbc-8.5.16.jar
2017-10-09 08:15:38,424 [Worker-6] INFO  o.e.m.c.i.e.AbstractTransferListenerAdapter - Downloaded http://repo.maven.apache.org/maven2/org/apache/tomcat/tomcat-jdbc/8.5.16/tomcat-jdbc-8.5.16.jar
2017-10-09 08:15:38,438 [Worker-6] INFO  o.e.m.c.i.e.AbstractTransferListenerAdapter - Downloading http://repo.maven.apache.org/maven2/org/apache/tomcat/tomcat-juli/8.5.16/tomcat-juli-8.5.16.jar
2017-10-09 08:15:38,752 [Worker-6] INFO  o.e.m.c.i.e.AbstractTransferListenerAdapter - Downloaded http://repo.maven.apache.org/maven2/org/apache/tomcat/tomcat-juli/8.5.16/tomcat-juli-8.5.16.jar
2017-10-09 08:15:38,765 [Worker-6] INFO  o.e.m.c.i.e.AbstractTransferListenerAdapter - Downloading http://repo.maven.apache.org/maven2/org/springframework/spring-jdbc/4.3.10.RELEASE/spring-jdbc-4.3.10.RELEASE.jar
2017-10-09 08:15:39,000 [Worker-6] INFO  o.e.m.c.i.e.AbstractTransferListenerAdapter - Downloaded http://repo.maven.apache.org/maven2/org/springframework/spring-jdbc/4.3.10.RELEASE/spring-jdbc-4.3.10.RELEASE.jar
2017-10-09 08:15:39,013 [Worker-6] INFO  o.e.m.c.i.e.AbstractTransferListenerAdapter - Downloading http://repo.maven.apache.org/maven2/org/springframework/data/spring-data-jpa/1.11.6.RELEASE/spring-data-jpa-1.11.6.RELEASE.jar
2017-10-09 08:15:39,229 [Worker-6] INFO  o.e.m.c.i.e.AbstractTransferListenerAdapter - Downloaded http://repo.maven.apache.org/maven2/org/springframework/data/spring-data-jpa/1.11.6.RELEASE/spring-data-jpa-1.11.6.RELEASE.jar
2017-10-09 08:15:39,242 [Worker-6] INFO  o.e.m.c.i.e.AbstractTransferListenerAdapter - Downloading http://repo.maven.apache.org/maven2/org/springframework/data/spring-data-commons/1.13.6.RELEASE/spring-data-commons-1.13.6.RELEASE.jar
2017-10-09 08:15:39,583 [Worker-6] INFO  o.e.m.c.i.e.AbstractTransferListenerAdapter - Downloaded http://repo.maven.apache.org/maven2/org/springframework/data/spring-data-commons/1.13.6.RELEASE/spring-data-commons-1.13.6.RELEASE.jar
2017-10-09 08:15:39,596 [Worker-6] INFO  o.e.m.c.i.e.AbstractTransferListenerAdapter - Downloading http://repo.maven.apache.org/maven2/org/springframework/spring-orm/4.3.10.RELEASE/spring-orm-4.3.10.RELEASE.jar
2017-10-09 08:15:39,847 [Worker-6] INFO  o.e.m.c.i.e.AbstractTransferListenerAdapter - Downloaded http://repo.maven.apache.org/maven2/org/springframework/spring-orm/4.3.10.RELEASE/spring-orm-4.3.10.RELEASE.jar
2017-10-09 08:15:39,861 [Worker-6] INFO  o.e.m.c.i.e.AbstractTransferListenerAdapter - Downloading http://repo.maven.apache.org/maven2/org/springframework/spring-tx/4.3.10.RELEASE/spring-tx-4.3.10.RELEASE.jar
2017-10-09 08:15:39,963 [Worker-6] INFO  o.e.m.c.i.e.AbstractTransferListenerAdapter - Downloaded http://repo.maven.apache.org/maven2/org/springframework/spring-tx/4.3.10.RELEASE/spring-tx-4.3.10.RELEASE.jar
2017-10-09 08:15:39,976 [Worker-6] INFO  o.e.m.c.i.e.AbstractTransferListenerAdapter - Downloading http://repo.maven.apache.org/maven2/org/springframework/spring-aspects/4.3.10.RELEASE/spring-aspects-4.3.10.RELEASE.jar
2017-10-09 08:15:40,172 [Worker-6] INFO  o.e.m.c.i.e.AbstractTransferListenerAdapter - Downloaded http://repo.maven.apache.org/maven2/org/springframework/spring-aspects/4.3.10.RELEASE/spring-aspects-4.3.10.RELEASE.jar
2017-10-09 08:15:40,185 [Worker-6] INFO  o.e.m.c.i.e.AbstractTransferListenerAdapter - Downloading http://repo.maven.apache.org/maven2/org/springframework/boot/spring-boot-starter-security/1.5.6.RELEASE/spring-boot-starter-security-1.5.6.RELEASE.jar
2017-10-09 08:15:40,363 [Worker-6] INFO  o.e.m.c.i.e.AbstractTransferListenerAdapter - Downloaded http://repo.maven.apache.org/maven2/org/springframework/boot/spring-boot-starter-security/1.5.6.RELEASE/spring-boot-starter-security-1.5.6.RELEASE.jar
2017-10-09 08:15:40,378 [Worker-6] INFO  o.e.m.c.i.e.AbstractTransferListenerAdapter - Downloading http://repo.maven.apache.org/maven2/org/springframework/security/spring-security-config/4.2.3.RELEASE/spring-security-config-4.2.3.RELEASE.jar
2017-10-09 08:15:40,639 [Worker-6] INFO  o.e.m.c.i.e.AbstractTransferListenerAdapter - Downloaded http://repo.maven.apache.org/maven2/org/springframework/security/spring-security-config/4.2.3.RELEASE/spring-security-config-4.2.3.RELEASE.jar
2017-10-09 08:15:40,659 [Worker-6] INFO  o.e.m.c.i.e.AbstractTransferListenerAdapter - Downloading http://repo.maven.apache.org/maven2/org/springframework/security/spring-security-core/4.2.3.RELEASE/spring-security-core-4.2.3.RELEASE.jar
2017-10-09 08:15:40,885 [Worker-6] INFO  o.e.m.c.i.e.AbstractTransferListenerAdapter - Downloaded http://repo.maven.apache.org/maven2/org/springframework/security/spring-security-core/4.2.3.RELEASE/spring-security-core-4.2.3.RELEASE.jar
2017-10-09 08:15:40,898 [Worker-6] INFO  o.e.m.c.i.e.AbstractTransferListenerAdapter - Downloading http://repo.maven.apache.org/maven2/org/springframework/security/spring-security-web/4.2.3.RELEASE/spring-security-web-4.2.3.RELEASE.jar
2017-10-09 08:15:41,016 [Worker-6] INFO  o.e.m.c.i.e.AbstractTransferListenerAdapter - Downloaded http://repo.maven.apache.org/maven2/org/springframework/security/spring-security-web/4.2.3.RELEASE/spring-security-web-4.2.3.RELEASE.jar
2017-10-09 08:15:41,032 [Worker-6] INFO  o.e.m.c.i.e.AbstractTransferListenerAdapter - Downloading http://repo.maven.apache.org/maven2/org/springframework/data/spring-data-rest-webmvc/2.5.3.RELEASE/spring-data-rest-webmvc-2.5.3.RELEASE.jar
2017-10-09 08:15:41,274 [Worker-6] INFO  o.e.m.c.i.e.AbstractTransferListenerAdapter - Downloaded http://repo.maven.apache.org/maven2/org/springframework/data/spring-data-rest-webmvc/2.5.3.RELEASE/spring-data-rest-webmvc-2.5.3.RELEASE.jar
2017-10-09 08:15:41,287 [Worker-6] INFO  o.e.m.c.i.e.AbstractTransferListenerAdapter - Downloading http://repo.maven.apache.org/maven2/org/springframework/data/spring-data-rest-core/2.6.6.RELEASE/spring-data-rest-core-2.6.6.RELEASE.jar
2017-10-09 08:15:41,472 [Worker-6] INFO  o.e.m.c.i.e.AbstractTransferListenerAdapter - Downloaded http://repo.maven.apache.org/maven2/org/springframework/data/spring-data-rest-core/2.6.6.RELEASE/spring-data-rest-core-2.6.6.RELEASE.jar
2017-10-09 08:15:41,484 [Worker-6] INFO  o.e.m.c.i.e.AbstractTransferListenerAdapter - Downloading http://repo.maven.apache.org/maven2/org/springframework/hateoas/spring-hateoas/0.23.0.RELEASE/spring-hateoas-0.23.0.RELEASE.jar
2017-10-09 08:15:41,675 [Worker-6] INFO  o.e.m.c.i.e.AbstractTransferListenerAdapter - Downloaded http://repo.maven.apache.org/maven2/org/springframework/hateoas/spring-hateoas/0.23.0.RELEASE/spring-hateoas-0.23.0.RELEASE.jar
2017-10-09 08:15:41,688 [Worker-6] INFO  o.e.m.c.i.e.AbstractTransferListenerAdapter - Downloading http://repo.maven.apache.org/maven2/org/springframework/plugin/spring-plugin-core/1.2.0.RELEASE/spring-plugin-core-1.2.0.RELEASE.jar
2017-10-09 08:15:41,929 [Worker-6] INFO  o.e.m.c.i.e.AbstractTransferListenerAdapter - Downloaded http://repo.maven.apache.org/maven2/org/springframework/plugin/spring-plugin-core/1.2.0.RELEASE/spring-plugin-core-1.2.0.RELEASE.jar
2017-10-09 08:15:41,941 [Worker-6] INFO  o.e.m.c.i.e.AbstractTransferListenerAdapter - Downloading http://repo.maven.apache.org/maven2/org/atteo/evo-inflector/1.2.2/evo-inflector-1.2.2.jar
2017-10-09 08:15:42,138 [Worker-6] INFO  o.e.m.c.i.e.AbstractTransferListenerAdapter - Downloaded http://repo.maven.apache.org/maven2/org/atteo/evo-inflector/1.2.2/evo-inflector-1.2.2.jar
2017-10-09 08:15:42,152 [Worker-6] INFO  o.e.m.c.i.e.AbstractTransferListenerAdapter - Downloading http://repo.maven.apache.org/maven2/org/thymeleaf/extras/thymeleaf-extras-springsecurity4/2.1.2.RELEASE/thymeleaf-extras-springsecurity4-2.1.2.RELEASE.jar
2017-10-09 08:15:42,397 [Worker-6] INFO  o.e.m.c.i.e.AbstractTransferListenerAdapter - Downloaded http://repo.maven.apache.org/maven2/org/thymeleaf/extras/thymeleaf-extras-springsecurity4/2.1.2.RELEASE/thymeleaf-extras-springsecurity4-2.1.2.RELEASE.jar
2017-10-09 08:15:43,003 [Worker-6] WARN  o.e.m.c.i.embedder.EclipseLogger - Failed to dispatch repository event to org.eclipse.m2e.core.internal.embedder.EclipseRepositoryListener: null
2017-10-09 08:15:43,982 [Worker-6] WARN  o.e.m.c.i.embedder.EclipseLogger - Failed to dispatch repository event to org.eclipse.m2e.core.internal.embedder.EclipseRepositoryListener: null
2017-10-09 08:15:45,030 [Worker-6] WARN  o.e.m.c.i.embedder.EclipseLogger - Failed to dispatch repository event to org.eclipse.m2e.core.internal.embedder.EclipseRepositoryListener: null
2017-10-09 08:15:45,944 [Worker-6] WARN  o.e.m.c.i.embedder.EclipseLogger - Failed to dispatch repository event to org.eclipse.m2e.core.internal.embedder.EclipseRepositoryListener: null
2017-10-09 08:15:46,334 [Worker-6] INFO  o.e.m.c.i.l.LifecycleMappingFactory - Using org.eclipse.m2e.jdt.JarLifecycleMapping lifecycle mapping for MavenProject: com.example:Bookstore:0.0.1-SNAPSHOT @ C:\Users\Marko\Desktop\Koulujutut\BookStore-master\pom.xml.
2017-10-09 08:15:47,233 [Worker-6] INFO  o.e.m.j.i.AbstractJavaProjectConfigurator - Adding source folder /bookstore-app/src/main/java
2017-10-09 08:15:47,238 [Worker-6] INFO  o.e.m.j.i.AbstractJavaProjectConfigurator - Adding resource folder /bookstore-app/src/main/resources
2017-10-09 08:15:47,253 [Worker-6] INFO  o.e.m.j.i.AbstractJavaProjectConfigurator - Adding resource folder /bookstore-app/src/main/resources
2017-10-09 08:15:47,259 [Worker-6] INFO  o.e.m.j.i.AbstractJavaProjectConfigurator - Adding source folder /bookstore-app/src/test/java
2017-10-09 08:15:48,209 [Worker-6] INFO  o.e.m.c.i.p.ProjectConfigurationManager - Imported and configured 1 project(s) in 18 sec
2017-10-09 08:15:48,325 [Worker-10] INFO  o.e.m.c.i.l.LifecycleMappingFactory - Using org.eclipse.m2e.jdt.JarLifecycleMapping lifecycle mapping for MavenProject: com.dukemania:bookstore-app:0.0.1-SNAPSHOT @ C:\Users\Marko\Desktop\BookStore-master\pom.xml.
2017-10-09 08:15:49,947 [Worker-8] INFO  o.e.m.c.i.embedder.EclipseLogger - Using 'UTF-8' encoding to copy filtered resources.
2017-10-09 08:15:49,953 [Worker-8] INFO  o.e.m.c.i.embedder.EclipseLogger - Copying 0 resource
2017-10-09 08:15:49,958 [Worker-8] INFO  o.e.m.c.i.embedder.EclipseLogger - Copying 0 resource
2017-10-09 08:15:49,959 [Worker-8] INFO  o.e.m.c.i.embedder.EclipseLogger - Using 'UTF-8' encoding to copy filtered resources.
2017-10-09 08:15:49,964 [Worker-8] INFO  o.e.m.c.i.embedder.EclipseLogger - skip non existing resourceDirectory C:\Users\Marko\Desktop\Koulujutut\BookStore-master\src\test\resources
2017-10-09 08:15:50,434 [Worker-8] INFO  o.e.m.c.i.l.LifecycleMappingFactory - Using org.eclipse.m2e.jdt.JarLifecycleMapping lifecycle mapping for MavenProject: com.dukemania:bookstore-app:0.0.1-SNAPSHOT @ C:\Users\Marko\Desktop\BookStore-master\pom.xml.
2017-10-09 08:15:51,772 [Worker-8] INFO  o.e.m.c.i.embedder.EclipseLogger - Using 'UTF-8' encoding to copy filtered resources.
2017-10-09 08:15:51,772 [Worker-8] INFO  o.e.m.c.i.embedder.EclipseLogger - Copying 1 resource
2017-10-09 08:15:51,799 [Worker-8] INFO  o.e.m.c.i.embedder.EclipseLogger - Copying 4 resources
2017-10-09 08:15:51,844 [Worker-8] INFO  o.e.m.c.i.embedder.EclipseLogger - Using 'UTF-8' encoding to copy filtered resources.
2017-10-09 08:15:51,851 [Worker-8] INFO  o.e.m.c.i.embedder.EclipseLogger - skip non existing resourceDirectory C:\Users\Marko\Desktop\BookStore-master\src\test\resources
2017-10-09 08:15:53,202 [Worker-11] INFO  o.e.m.c.i.l.LifecycleMappingFactory - Using org.eclipse.m2e.jdt.JarLifecycleMapping lifecycle mapping for MavenProject: com.dukemania:bookstore-app:0.0.1-SNAPSHOT @ C:\Users\Marko\Desktop\BookStore-master\pom.xml.
2017-10-09 08:15:56,011 [Worker-12] INFO  o.e.m.c.i.embedder.EclipseLogger - Using 'UTF-8' encoding to copy filtered resources.
2017-10-09 08:15:56,015 [Worker-12] INFO  o.e.m.c.i.embedder.EclipseLogger - Copying 0 resource
2017-10-09 08:15:56,019 [Worker-12] INFO  o.e.m.c.i.embedder.EclipseLogger - Copying 0 resource
2017-10-09 08:15:56,021 [Worker-12] INFO  o.e.m.c.i.embedder.EclipseLogger - Using 'UTF-8' encoding to copy filtered resources.
2017-10-09 08:15:56,025 [Worker-12] INFO  o.e.m.c.i.embedder.EclipseLogger - skip non existing resourceDirectory C:\Users\Marko\Desktop\BookStore-master\src\test\resources
2017-10-09 08:24:55,330 [Worker-17] INFO  o.e.m.c.i.l.LifecycleMappingFactory - Using org.eclipse.m2e.jdt.JarLifecycleMapping lifecycle mapping for MavenProject: com.matias:harjoitus:0.0.1-SNAPSHOT @ C:\Users\Marko\Desktop\Kirjakauppa-master\pom.xml.
2017-10-09 08:24:56,335 [Worker-17] INFO  o.e.m.j.i.AbstractJavaProjectConfigurator - Adding source folder /harjoitus/src/main/java
2017-10-09 08:24:56,335 [Worker-17] INFO  o.e.m.j.i.AbstractJavaProjectConfigurator - Adding resource folder /harjoitus/src/main/resources
2017-10-09 08:24:56,345 [Worker-17] INFO  o.e.m.j.i.AbstractJavaProjectConfigurator - Adding resource folder /harjoitus/src/main/resources
2017-10-09 08:24:56,354 [Worker-17] INFO  o.e.m.j.i.AbstractJavaProjectConfigurator - Adding source folder /harjoitus/src/test/java
2017-10-09 08:24:56,588 [Worker-17] INFO  o.e.m.c.i.p.ProjectConfigurationManager - Imported and configured 1 project(s) in 1 sec
2017-10-09 08:24:57,751 [Worker-17] INFO  o.e.m.c.i.l.LifecycleMappingFactory - Using org.eclipse.m2e.jdt.JarLifecycleMapping lifecycle mapping for MavenProject: com.matias:harjoitus:0.0.1-SNAPSHOT @ C:\Users\Marko\Desktop\Kirjakauppa-master\pom.xml.
2017-10-09 08:24:58,715 [Worker-17] INFO  o.e.m.c.i.embedder.EclipseLogger - Using 'UTF-8' encoding to copy filtered resources.
2017-10-09 08:24:58,720 [Worker-17] INFO  o.e.m.c.i.embedder.EclipseLogger - Copying 1 resource
2017-10-09 08:24:58,729 [Worker-17] INFO  o.e.m.c.i.embedder.EclipseLogger - Copying 4 resources
2017-10-09 08:24:58,760 [Worker-17] INFO  o.e.m.c.i.embedder.EclipseLogger - Using 'UTF-8' encoding to copy filtered resources.
2017-10-09 08:24:58,764 [Worker-17] INFO  o.e.m.c.i.embedder.EclipseLogger - skip non existing resourceDirectory C:\Users\Marko\Desktop\Kirjakauppa-master\src\test\resources
2017-10-09 08:24:59,691 [Worker-15] INFO  o.e.m.c.i.l.LifecycleMappingFactory - Using org.eclipse.m2e.jdt.JarLifecycleMapping lifecycle mapping for MavenProject: com.matias:harjoitus:0.0.1-SNAPSHOT @ C:\Users\Marko\Desktop\Kirjakauppa-master\pom.xml.
2017-10-09 08:25:01,728 [Worker-18] INFO  o.e.m.c.i.embedder.EclipseLogger - Using 'UTF-8' encoding to copy filtered resources.
2017-10-09 08:25:01,729 [Worker-18] INFO  o.e.m.c.i.embedder.EclipseLogger - Copying 0 resource
2017-10-09 08:25:01,733 [Worker-18] INFO  o.e.m.c.i.embedder.EclipseLogger - Copying 0 resource
2017-10-09 08:25:01,739 [Worker-18] INFO  o.e.m.c.i.embedder.EclipseLogger - Using 'UTF-8' encoding to copy filtered resources.
2017-10-09 08:25:01,743 [Worker-18] INFO  o.e.m.c.i.embedder.EclipseLogger - skip non existing resourceDirectory C:\Users\Marko\Desktop\Kirjakauppa-master\src\test\resources
2017-10-09 10:13:24,003 [Worker-42] INFO  o.e.m.c.i.l.LifecycleMappingFactory - Using org.eclipse.m2e.jdt.JarLifecycleMapping lifecycle mapping for MavenProject: com.example:Bookstore:0.0.1-SNAPSHOT @ C:\Users\Marko\Desktop\Koulujutut\BookStore-master\pom.xml.
2017-10-09 10:13:27,769 [Worker-42] INFO  o.e.m.c.i.embedder.EclipseLogger - Using 'UTF-8' encoding to copy filtered resources.
2017-10-09 10:13:27,774 [Worker-42] INFO  o.e.m.c.i.embedder.EclipseLogger - Copying 0 resource
2017-10-09 10:13:27,777 [Worker-42] INFO  o.e.m.c.i.embedder.EclipseLogger - Copying 0 resource
2017-10-09 10:13:27,779 [Worker-42] INFO  o.e.m.c.i.embedder.EclipseLogger - Using 'UTF-8' encoding to copy filtered resources.
2017-10-09 10:13:27,784 [Worker-42] INFO  o.e.m.c.i.embedder.EclipseLogger - skip non existing resourceDirectory C:\Users\Marko\Desktop\Koulujutut\BookStore-master\src\test\resources
2017-10-09 10:13:30,578 [Worker-38] INFO  o.e.m.c.i.l.LifecycleMappingFactory - Using org.eclipse.m2e.jdt.JarLifecycleMapping lifecycle mapping for MavenProject: com.example:Bookstore:0.0.1-SNAPSHOT @ C:\Users\Marko\Desktop\Koulujutut\BookStore-master\pom.xml.
2017-10-09 10:13:31,487 [Worker-38] INFO  o.e.m.c.i.embedder.EclipseLogger - Using 'UTF-8' encoding to copy filtered resources.
2017-10-09 10:13:31,487 [Worker-38] INFO  o.e.m.c.i.embedder.EclipseLogger - Copying 0 resource
2017-10-09 10:13:31,491 [Worker-38] INFO  o.e.m.c.i.embedder.EclipseLogger - Copying 0 resource
2017-10-09 10:13:31,496 [Worker-38] INFO  o.e.m.c.i.embedder.EclipseLogger - Using 'UTF-8' encoding to copy filtered resources.
2017-10-09 10:13:31,500 [Worker-38] INFO  o.e.m.c.i.embedder.EclipseLogger - skip non existing resourceDirectory C:\Users\Marko\Desktop\Koulujutut\BookStore-master\src\test\resources
2017-10-09 10:15:40,590 [Worker-43] INFO  o.e.m.c.i.embedder.EclipseLogger - Using 'UTF-8' encoding to copy filtered resources.
2017-10-09 10:15:40,596 [Worker-43] INFO  o.e.m.c.i.embedder.EclipseLogger - Copying 0 resource
2017-10-09 10:15:40,601 [Worker-43] INFO  o.e.m.c.i.embedder.EclipseLogger - Copying 0 resource
2017-10-09 10:15:40,607 [Worker-43] INFO  o.e.m.c.i.embedder.EclipseLogger - Using 'UTF-8' encoding to copy filtered resources.
2017-10-09 10:15:40,607 [Worker-43] INFO  o.e.m.c.i.embedder.EclipseLogger - skip non existing resourceDirectory C:\Users\Marko\Desktop\Koulujutut\BookStore-master\src\test\resources
2017-10-09 10:15:58,101 [Worker-35] INFO  o.e.m.c.i.embedder.EclipseLogger - Using 'UTF-8' encoding to copy filtered resources.
2017-10-09 10:15:58,101 [Worker-35] INFO  o.e.m.c.i.embedder.EclipseLogger - Copying 0 resource
2017-10-09 10:15:58,102 [Worker-35] INFO  o.e.m.c.i.embedder.EclipseLogger - Copying 1 resource
2017-10-09 10:15:58,107 [Worker-35] INFO  o.e.m.c.i.embedder.EclipseLogger - Using 'UTF-8' encoding to copy filtered resources.
2017-10-09 10:15:58,107 [Worker-35] INFO  o.e.m.c.i.embedder.EclipseLogger - skip non existing resourceDirectory C:\Users\Marko\Desktop\Koulujutut\BookStore-master\src\test\resources
2017-10-09 10:17:18,507 [Worker-38] INFO  o.e.m.c.i.embedder.EclipseLogger - Using 'UTF-8' encoding to copy filtered resources.
2017-10-09 10:17:18,507 [Worker-38] INFO  o.e.m.c.i.embedder.EclipseLogger - Copying 0 resource
2017-10-09 10:17:18,508 [Worker-38] INFO  o.e.m.c.i.embedder.EclipseLogger - Copying 1 resource
2017-10-09 10:17:18,523 [Worker-38] INFO  o.e.m.c.i.embedder.EclipseLogger - Using 'UTF-8' encoding to copy filtered resources.
2017-10-09 10:17:18,523 [Worker-38] INFO  o.e.m.c.i.embedder.EclipseLogger - skip non existing resourceDirectory C:\Users\Marko\Desktop\Koulujutut\BookStore-master\src\test\resources
2017-10-09 10:22:32,676 [Worker-38] INFO  o.e.m.c.i.embedder.EclipseLogger - Using 'UTF-8' encoding to copy filtered resources.
2017-10-09 10:22:32,676 [Worker-38] INFO  o.e.m.c.i.embedder.EclipseLogger - Copying 0 resource
2017-10-09 10:22:32,680 [Worker-38] INFO  o.e.m.c.i.embedder.EclipseLogger - Copying 1 resource
2017-10-09 10:22:32,688 [Worker-38] INFO  o.e.m.c.i.embedder.EclipseLogger - Using 'UTF-8' encoding to copy filtered resources.
2017-10-09 10:22:32,692 [Worker-38] INFO  o.e.m.c.i.embedder.EclipseLogger - skip non existing resourceDirectory C:\Users\Marko\Desktop\Koulujutut\BookStore-master\src\test\resources
2017-10-09 10:22:40,706 [Worker-38] INFO  o.e.m.c.i.embedder.EclipseLogger - Using 'UTF-8' encoding to copy filtered resources.
2017-10-09 10:22:40,713 [Worker-38] INFO  o.e.m.c.i.embedder.EclipseLogger - Copying 0 resource
2017-10-09 10:22:40,721 [Worker-38] INFO  o.e.m.c.i.embedder.EclipseLogger - Copying 1 resource
2017-10-09 10:22:40,736 [Worker-38] INFO  o.e.m.c.i.embedder.EclipseLogger - Using 'UTF-8' encoding to copy filtered resources.
2017-10-09 10:22:40,736 [Worker-38] INFO  o.e.m.c.i.embedder.EclipseLogger - skip non existing resourceDirectory C:\Users\Marko\Desktop\Koulujutut\BookStore-master\src\test\resources
2017-10-09 10:22:57,668 [Worker-39] INFO  o.e.m.c.i.embedder.EclipseLogger - Using 'UTF-8' encoding to copy filtered resources.
2017-10-09 10:22:57,669 [Worker-39] INFO  o.e.m.c.i.embedder.EclipseLogger - Copying 0 resource
2017-10-09 10:22:57,670 [Worker-39] INFO  o.e.m.c.i.embedder.EclipseLogger - Copying 1 resource
2017-10-09 10:22:57,680 [Worker-39] INFO  o.e.m.c.i.embedder.EclipseLogger - Using 'UTF-8' encoding to copy filtered resources.
2017-10-09 10:22:57,687 [Worker-39] INFO  o.e.m.c.i.embedder.EclipseLogger - skip non existing resourceDirectory C:\Users\Marko\Desktop\Koulujutut\BookStore-master\src\test\resources
2017-10-09 10:24:13,521 [Worker-35] INFO  o.e.m.c.i.embedder.EclipseLogger - Using 'UTF-8' encoding to copy filtered resources.
2017-10-09 10:24:13,529 [Worker-35] INFO  o.e.m.c.i.embedder.EclipseLogger - Copying 0 resource
2017-10-09 10:24:13,535 [Worker-35] INFO  o.e.m.c.i.embedder.EclipseLogger - Copying 1 resource
2017-10-09 10:24:13,544 [Worker-35] INFO  o.e.m.c.i.embedder.EclipseLogger - Using 'UTF-8' encoding to copy filtered resources.
2017-10-09 10:24:13,544 [Worker-35] INFO  o.e.m.c.i.embedder.EclipseLogger - skip non existing resourceDirectory C:\Users\Marko\Desktop\Koulujutut\BookStore-master\src\test\resources
2017-10-09 10:27:14,493 [Worker-47] INFO  o.e.m.c.i.embedder.EclipseLogger - Using 'UTF-8' encoding to copy filtered resources.
2017-10-09 10:27:14,495 [Worker-47] INFO  o.e.m.c.i.embedder.EclipseLogger - Copying 1 resource
2017-10-09 10:27:14,501 [Worker-47] INFO  o.e.m.c.i.embedder.EclipseLogger - Copying 1 resource
2017-10-09 10:27:14,507 [Worker-47] INFO  o.e.m.c.i.embedder.EclipseLogger - Using 'UTF-8' encoding to copy filtered resources.
2017-10-09 10:27:14,512 [Worker-47] INFO  o.e.m.c.i.embedder.EclipseLogger - skip non existing resourceDirectory C:\Users\Marko\Desktop\Koulujutut\BookStore-master\src\test\resources
2017-10-09 10:32:06,841 [Worker-51] INFO  o.e.m.c.i.embedder.EclipseLogger - Using 'UTF-8' encoding to copy filtered resources.
2017-10-09 10:32:06,850 [Worker-51] INFO  o.e.m.c.i.embedder.EclipseLogger - Copying 1 resource
2017-10-09 10:32:06,855 [Worker-51] INFO  o.e.m.c.i.embedder.EclipseLogger - Copying 1 resource
2017-10-09 10:32:06,861 [Worker-51] INFO  o.e.m.c.i.embedder.EclipseLogger - Using 'UTF-8' encoding to copy filtered resources.
2017-10-09 10:32:06,861 [Worker-51] INFO  o.e.m.c.i.embedder.EclipseLogger - skip non existing resourceDirectory C:\Users\Marko\Desktop\Koulujutut\BookStore-master\src\test\resources
2017-10-09 10:33:22,108 [Worker-51] INFO  o.e.m.c.i.embedder.EclipseLogger - Using 'UTF-8' encoding to copy filtered resources.
2017-10-09 10:33:22,109 [Worker-51] INFO  o.e.m.c.i.embedder.EclipseLogger - Copying 1 resource
2017-10-09 10:33:22,110 [Worker-51] INFO  o.e.m.c.i.embedder.EclipseLogger - Copying 1 resource
2017-10-09 10:33:22,111 [Worker-51] INFO  o.e.m.c.i.embedder.EclipseLogger - Using 'UTF-8' encoding to copy filtered resources.
2017-10-09 10:33:22,111 [Worker-51] INFO  o.e.m.c.i.embedder.EclipseLogger - skip non existing resourceDirectory C:\Users\Marko\Desktop\Koulujutut\BookStore-master\src\test\resources
2017-10-09 10:35:00,983 [Worker-42] INFO  o.e.m.c.i.embedder.EclipseLogger - Using 'UTF-8' encoding to copy filtered resources.
2017-10-09 10:35:00,984 [Worker-42] INFO  o.e.m.c.i.embedder.EclipseLogger - Copying 1 resource
2017-10-09 10:35:00,985 [Worker-42] INFO  o.e.m.c.i.embedder.EclipseLogger - Copying 1 resource
2017-10-09 10:35:00,992 [Worker-42] INFO  o.e.m.c.i.embedder.EclipseLogger - Using 'UTF-8' encoding to copy filtered resources.
2017-10-09 10:35:00,992 [Worker-42] INFO  o.e.m.c.i.embedder.EclipseLogger - skip non existing resourceDirectory C:\Users\Marko\Desktop\Koulujutut\BookStore-master\src\test\resources
2017-10-09 10:35:09,714 [Worker-46] INFO  o.e.m.c.i.embedder.EclipseLogger - Using 'UTF-8' encoding to copy filtered resources.
2017-10-09 10:35:09,715 [Worker-46] INFO  o.e.m.c.i.embedder.EclipseLogger - Copying 1 resource
2017-10-09 10:35:09,721 [Worker-46] INFO  o.e.m.c.i.embedder.EclipseLogger - Copying 1 resource
2017-10-09 10:35:09,727 [Worker-46] INFO  o.e.m.c.i.embedder.EclipseLogger - Using 'UTF-8' encoding to copy filtered resources.
2017-10-09 10:35:09,732 [Worker-46] INFO  o.e.m.c.i.embedder.EclipseLogger - skip non existing resourceDirectory C:\Users\Marko\Desktop\Koulujutut\BookStore-master\src\test\resources
2017-10-09 10:36:37,514 [Worker-52] INFO  o.e.m.c.i.embedder.EclipseLogger - Using 'UTF-8' encoding to copy filtered resources.
2017-10-09 10:36:37,521 [Worker-52] INFO  o.e.m.c.i.embedder.EclipseLogger - Copying 0 resource
2017-10-09 10:36:37,526 [Worker-52] INFO  o.e.m.c.i.embedder.EclipseLogger - Copying 1 resource
2017-10-09 10:36:37,535 [Worker-52] INFO  o.e.m.c.i.embedder.EclipseLogger - Using 'UTF-8' encoding to copy filtered resources.
2017-10-09 10:36:37,537 [Worker-52] INFO  o.e.m.c.i.embedder.EclipseLogger - skip non existing resourceDirectory C:\Users\Marko\Desktop\Koulujutut\BookStore-master\src\test\resources
2017-10-09 10:38:20,636 [Worker-53] INFO  o.e.m.c.i.embedder.EclipseLogger - Using 'UTF-8' encoding to copy filtered resources.
2017-10-09 10:38:20,636 [Worker-53] INFO  o.e.m.c.i.embedder.EclipseLogger - Copying 0 resource
2017-10-09 10:38:20,637 [Worker-53] INFO  o.e.m.c.i.embedder.EclipseLogger - Copying 1 resource
2017-10-09 10:38:20,644 [Worker-53] INFO  o.e.m.c.i.embedder.EclipseLogger - Using 'UTF-8' encoding to copy filtered resources.
2017-10-09 10:38:20,649 [Worker-53] INFO  o.e.m.c.i.embedder.EclipseLogger - skip non existing resourceDirectory C:\Users\Marko\Desktop\Koulujutut\BookStore-master\src\test\resources
2017-10-09 10:38:53,724 [Worker-46] INFO  o.e.m.c.i.embedder.EclipseLogger - Using 'UTF-8' encoding to copy filtered resources.
2017-10-09 10:38:53,732 [Worker-46] INFO  o.e.m.c.i.embedder.EclipseLogger - Copying 0 resource
2017-10-09 10:38:53,740 [Worker-46] INFO  o.e.m.c.i.embedder.EclipseLogger - Copying 1 resource
2017-10-09 10:38:53,754 [Worker-46] INFO  o.e.m.c.i.embedder.EclipseLogger - Using 'UTF-8' encoding to copy filtered resources.
2017-10-09 10:38:53,754 [Worker-46] INFO  o.e.m.c.i.embedder.EclipseLogger - skip non existing resourceDirectory C:\Users\Marko\Desktop\Koulujutut\BookStore-master\src\test\resources
2017-10-09 10:39:05,447 [Worker-46] INFO  o.e.m.c.i.embedder.EclipseLogger - Using 'UTF-8' encoding to copy filtered resources.
2017-10-09 10:39:05,448 [Worker-46] INFO  o.e.m.c.i.embedder.EclipseLogger - Copying 0 resource
2017-10-09 10:39:05,456 [Worker-46] INFO  o.e.m.c.i.embedder.EclipseLogger - Copying 1 resource
2017-10-09 10:39:05,468 [Worker-46] INFO  o.e.m.c.i.embedder.EclipseLogger - Using 'UTF-8' encoding to copy filtered resources.
2017-10-09 10:39:05,473 [Worker-46] INFO  o.e.m.c.i.embedder.EclipseLogger - skip non existing resourceDirectory C:\Users\Marko\Desktop\Koulujutut\BookStore-master\src\test\resources
2017-10-09 10:39:52,919 [Worker-52] INFO  o.e.m.c.i.embedder.EclipseLogger - Using 'UTF-8' encoding to copy filtered resources.
2017-10-09 10:39:52,927 [Worker-52] INFO  o.e.m.c.i.embedder.EclipseLogger - Copying 0 resource
2017-10-09 10:39:52,936 [Worker-52] INFO  o.e.m.c.i.embedder.EclipseLogger - Copying 1 resource
2017-10-09 10:39:52,950 [Worker-52] INFO  o.e.m.c.i.embedder.EclipseLogger - Using 'UTF-8' encoding to copy filtered resources.
2017-10-09 10:39:52,950 [Worker-52] INFO  o.e.m.c.i.embedder.EclipseLogger - skip non existing resourceDirectory C:\Users\Marko\Desktop\Koulujutut\BookStore-master\src\test\resources
2017-10-09 10:41:30,504 [Worker-53] INFO  o.e.m.c.i.embedder.EclipseLogger - Using 'UTF-8' encoding to copy filtered resources.
2017-10-09 10:41:30,505 [Worker-53] INFO  o.e.m.c.i.embedder.EclipseLogger - Copying 1 resource
2017-10-09 10:41:30,507 [Worker-53] INFO  o.e.m.c.i.embedder.EclipseLogger - Copying 2 resources
2017-10-09 10:41:30,508 [Worker-53] INFO  o.e.m.c.i.embedder.EclipseLogger - Using 'UTF-8' encoding to copy filtered resources.
2017-10-09 10:41:30,509 [Worker-53] INFO  o.e.m.c.i.embedder.EclipseLogger - skip non existing resourceDirectory C:\Users\Marko\Desktop\Koulujutut\BookStore-master\src\test\resources
2017-10-09 10:41:38,248 [Worker-52] INFO  o.e.m.c.i.embedder.EclipseLogger - Using 'UTF-8' encoding to copy filtered resources.
2017-10-09 10:41:38,249 [Worker-52] INFO  o.e.m.c.i.embedder.EclipseLogger - Copying 1 resource
2017-10-09 10:41:38,250 [Worker-52] INFO  o.e.m.c.i.embedder.EclipseLogger - Copying 2 resources
2017-10-09 10:41:38,256 [Worker-52] INFO  o.e.m.c.i.embedder.EclipseLogger - Using 'UTF-8' encoding to copy filtered resources.
2017-10-09 10:41:38,256 [Worker-52] INFO  o.e.m.c.i.embedder.EclipseLogger - skip non existing resourceDirectory C:\Users\Marko\Desktop\Koulujutut\BookStore-master\src\test\resources
2017-10-09 10:43:16,561 [Worker-54] INFO  o.e.m.c.i.embedder.EclipseLogger - Using 'UTF-8' encoding to copy filtered resources.
2017-10-09 10:43:16,562 [Worker-54] INFO  o.e.m.c.i.embedder.EclipseLogger - Copying 1 resource
2017-10-09 10:43:16,573 [Worker-54] INFO  o.e.m.c.i.embedder.EclipseLogger - Copying 0 resource
2017-10-09 10:43:16,582 [Worker-54] INFO  o.e.m.c.i.embedder.EclipseLogger - Using 'UTF-8' encoding to copy filtered resources.
2017-10-09 10:43:16,590 [Worker-54] INFO  o.e.m.c.i.embedder.EclipseLogger - skip non existing resourceDirectory C:\Users\Marko\Desktop\Koulujutut\BookStore-master\src\test\resources
2017-10-09 10:43:52,281 [Worker-53] INFO  o.e.m.c.i.embedder.EclipseLogger - Using 'UTF-8' encoding to copy filtered resources.
2017-10-09 10:43:52,285 [Worker-53] INFO  o.e.m.c.i.embedder.EclipseLogger - Copying 1 resource
2017-10-09 10:43:52,291 [Worker-53] INFO  o.e.m.c.i.embedder.EclipseLogger - Copying 0 resource
2017-10-09 10:43:52,297 [Worker-53] INFO  o.e.m.c.i.embedder.EclipseLogger - Using 'UTF-8' encoding to copy filtered resources.
2017-10-09 10:43:52,297 [Worker-53] INFO  o.e.m.c.i.embedder.EclipseLogger - skip non existing resourceDirectory C:\Users\Marko\Desktop\Koulujutut\BookStore-master\src\test\resources
2017-10-09 10:44:08,268 [Worker-52] INFO  o.e.m.c.i.embedder.EclipseLogger - Using 'UTF-8' encoding to copy filtered resources.
2017-10-09 10:44:08,269 [Worker-52] INFO  o.e.m.c.i.embedder.EclipseLogger - Copying 1 resource
2017-10-09 10:44:08,272 [Worker-52] INFO  o.e.m.c.i.embedder.EclipseLogger - Copying 0 resource
2017-10-09 10:44:08,275 [Worker-52] INFO  o.e.m.c.i.embedder.EclipseLogger - Using 'UTF-8' encoding to copy filtered resources.
2017-10-09 10:44:08,282 [Worker-52] INFO  o.e.m.c.i.embedder.EclipseLogger - skip non existing resourceDirectory C:\Users\Marko\Desktop\Koulujutut\BookStore-master\src\test\resources
2017-10-09 10:44:14,096 [Worker-55] INFO  o.e.m.c.i.embedder.EclipseLogger - Using 'UTF-8' encoding to copy filtered resources.
2017-10-09 10:44:14,103 [Worker-55] INFO  o.e.m.c.i.embedder.EclipseLogger - Copying 1 resource
2017-10-09 10:44:14,110 [Worker-55] INFO  o.e.m.c.i.embedder.EclipseLogger - Copying 0 resource
2017-10-09 10:44:14,117 [Worker-55] INFO  o.e.m.c.i.embedder.EclipseLogger - Using 'UTF-8' encoding to copy filtered resources.
2017-10-09 10:44:14,117 [Worker-55] INFO  o.e.m.c.i.embedder.EclipseLogger - skip non existing resourceDirectory C:\Users\Marko\Desktop\BookStore-master\src\test\resources
2017-10-09 17:45:45,809 [Worker-99] INFO  o.e.m.c.i.embedder.EclipseLogger - Using 'UTF-8' encoding to copy filtered resources.
2017-10-09 17:45:45,810 [Worker-99] INFO  o.e.m.c.i.embedder.EclipseLogger - Copying 1 resource
2017-10-09 17:45:45,820 [Worker-99] INFO  o.e.m.c.i.embedder.EclipseLogger - Copying 2 resources
2017-10-09 17:45:45,827 [Worker-99] INFO  o.e.m.c.i.embedder.EclipseLogger - Using 'UTF-8' encoding to copy filtered resources.
2017-10-09 17:45:45,831 [Worker-99] INFO  o.e.m.c.i.embedder.EclipseLogger - skip non existing resourceDirectory C:\Users\Marko\Desktop\Koulujutut\BookStore-master\src\test\resources
2017-10-09 17:56:12,693 [Worker-0] INFO  o.e.m.c.i.embedder.EclipseLogger - Using 'UTF-8' encoding to copy filtered resources.
2017-10-09 17:56:12,700 [Worker-0] INFO  o.e.m.c.i.embedder.EclipseLogger - Copying 1 resource
2017-10-09 17:56:12,713 [Worker-0] INFO  o.e.m.c.i.embedder.EclipseLogger - Copying 2 resources
2017-10-09 17:56:12,731 [Worker-0] INFO  o.e.m.c.i.embedder.EclipseLogger - Using 'UTF-8' encoding to copy filtered resources.
2017-10-09 17:56:12,731 [Worker-0] INFO  o.e.m.c.i.embedder.EclipseLogger - skip non existing resourceDirectory C:\Users\Marko\Desktop\Koulujutut\BookStore-master\src\test\resources
